ERROR - 2025-10-31 15:06:36 --> Error connecting to the database: mysqli_sql_exception: Unknown database 'witms_db' in C:\xampp\htdocs\WITMS\system\Database\MySQLi\Connection.php:201
Stack trace:
#0 C:\xampp\htdocs\WITMS\system\Database\MySQLi\Connection.php(201): mysqli->real_connect('localhost', 'root', Object(SensitiveParameterValue), 'witms_db', 3306, '', 0)
#1 C:\xampp\htdocs\WITMS\system\Database\BaseConnection.php(419): CodeIgniter\Database\MySQLi\Connection->connect(false)
#2 C:\xampp\htdocs\WITMS\system\Database\BaseConnection.php(614): CodeIgniter\Database\BaseConnection->initialize()
#3 C:\xampp\htdocs\WITMS\system\Database\BaseBuilder.php(1649): CodeIgniter\Database\BaseConnection->query('SELECT *\nFROM `...', Array, false)
#4 C:\xampp\htdocs\WITMS\system\Model.php(286): CodeIgniter\Database\BaseBuilder->get()
#5 C:\xampp\htdocs\WITMS\system\BaseModel.php(677): CodeIgniter\Model->doFindAll(0, 0)
#6 C:\xampp\htdocs\WITMS\app\Models\DepartmentModel.php(96): CodeIgniter\BaseModel->findAll()
#7 C:\xampp\htdocs\WITMS\app\Controllers\Auth.php(664): App\Models\DepartmentModel->getActiveDepartments()
#8 C:\xampp\htdocs\WITMS\system\CodeIgniter.php(933): App\Controllers\Auth->contactAdministrator()
#9 C:\xampp\htdocs\WITMS\system\CodeIgniter.php(507): CodeIgniter\CodeIgniter->runController(Object(App\Controllers\Auth))
#10 C:\xampp\htdocs\WITMS\system\CodeIgniter.php(354): CodeIgniter\CodeIgniter->handleRequest(NULL, Object(Config\Cache), false)
#11 C:\xampp\htdocs\WITMS\system\Boot.php(363): CodeIgniter\CodeIgniter->run()
#12 C:\xampp\htdocs\WITMS\system\Boot.php(68): CodeIgniter\Boot::runCodeIgniter(Object(CodeIgniter\CodeIgniter))
#13 C:\xampp\htdocs\WITMS\index.php(59): CodeIgniter\Boot::bootWeb(Object(Config\Paths))
#14 {main}

Next CodeIgniter\Database\Exceptions\DatabaseException: Unknown database 'witms_db' in C:\xampp\htdocs\WITMS\system\Database\MySQLi\Connection.php:246
Stack trace:
#0 C:\xampp\htdocs\WITMS\system\Database\BaseConnection.php(419): CodeIgniter\Database\MySQLi\Connection->connect(false)
#1 C:\xampp\htdocs\WITMS\system\Database\BaseConnection.php(614): CodeIgniter\Database\BaseConnection->initialize()
#2 C:\xampp\htdocs\WITMS\system\Database\BaseBuilder.php(1649): CodeIgniter\Database\BaseConnection->query('SELECT *\nFROM `...', Array, false)
#3 C:\xampp\htdocs\WITMS\system\Model.php(286): CodeIgniter\Database\BaseBuilder->get()
#4 C:\xampp\htdocs\WITMS\system\BaseModel.php(677): CodeIgniter\Model->doFindAll(0, 0)
#5 C:\xampp\htdocs\WITMS\app\Models\DepartmentModel.php(96): CodeIgniter\BaseModel->findAll()
#6 C:\xampp\htdocs\WITMS\app\Controllers\Auth.php(664): App\Models\DepartmentModel->getActiveDepartments()
#7 C:\xampp\htdocs\WITMS\system\CodeIgniter.php(933): App\Controllers\Auth->contactAdministrator()
#8 C:\xampp\htdocs\WITMS\system\CodeIgniter.php(507): CodeIgniter\CodeIgniter->runController(Object(App\Controllers\Auth))
#9 C:\xampp\htdocs\WITMS\system\CodeIgniter.php(354): CodeIgniter\CodeIgniter->handleRequest(NULL, Object(Config\Cache), false)
#10 C:\xampp\htdocs\WITMS\system\Boot.php(363): CodeIgniter\CodeIgniter->run()
#11 C:\xampp\htdocs\WITMS\system\Boot.php(68): CodeIgniter\Boot::runCodeIgniter(Object(CodeIgniter\CodeIgniter))
#12 C:\xampp\htdocs\WITMS\index.php(59): CodeIgniter\Boot::bootWeb(Object(Config\Paths))
#13 {main}
CRITICAL - 2025-10-31 15:06:36 --> CodeIgniter\Database\Exceptions\DatabaseException: Unable to connect to the database.
Main connection [MySQLi]: Unknown database 'witms_db'
[Method: GET, Route: auth/contact-admin]
in SYSTEMPATH\Database\BaseConnection.php on line 465.
 1 SYSTEMPATH\Database\BaseConnection.php(614): CodeIgniter\Database\BaseConnection->initialize()
 2 SYSTEMPATH\Database\BaseBuilder.php(1649): CodeIgniter\Database\BaseConnection->query('SELECT *
FROM `departments`
WHERE `is_active` = :is_active:', [...], false)
 3 SYSTEMPATH\Model.php(286): CodeIgniter\Database\BaseBuilder->get()
 4 SYSTEMPATH\BaseModel.php(677): CodeIgniter\Model->doFindAll(0, 0)
 5 APPPATH\Models\DepartmentModel.php(96): CodeIgniter\BaseModel->findAll()
 6 APPPATH\Controllers\Auth.php(664): App\Models\DepartmentModel->getActiveDepartments()
 7 SYSTEMPATH\CodeIgniter.php(933): App\Controllers\Auth->contactAdministrator()
 8 SYSTEMPATH\CodeIgniter.php(507): CodeIgniter\CodeIgniter->runController(Object(App\Controllers\Auth))
 9 SYSTEMPATH\CodeIgniter.php(354): CodeIgniter\CodeIgniter->handleRequest(null, Object(Config\Cache), false)
10 SYSTEMPATH\Boot.php(363): CodeIgniter\CodeIgniter->run()
11 SYSTEMPATH\Boot.php(68): CodeIgniter\Boot::runCodeIgniter(Object(CodeIgniter\CodeIgniter))
12 FCPATH\index.php(59): CodeIgniter\Boot::bootWeb(Object(Config\Paths))
ERROR - 2025-10-31 15:06:43 --> Error connecting to the database: mysqli_sql_exception: Unknown database 'witms_db' in C:\xampp\htdocs\WITMS\system\Database\MySQLi\Connection.php:201
Stack trace:
#0 C:\xampp\htdocs\WITMS\system\Database\MySQLi\Connection.php(201): mysqli->real_connect('localhost', 'root', Object(SensitiveParameterValue), 'witms_db', 3306, '', 0)
#1 C:\xampp\htdocs\WITMS\system\Database\BaseConnection.php(419): CodeIgniter\Database\MySQLi\Connection->connect(false)
#2 C:\xampp\htdocs\WITMS\system\Database\BaseConnection.php(614): CodeIgniter\Database\BaseConnection->initialize()
#3 C:\xampp\htdocs\WITMS\system\Database\BaseBuilder.php(1649): CodeIgniter\Database\BaseConnection->query('SELECT *\nFROM `...', Array, false)
#4 C:\xampp\htdocs\WITMS\system\Model.php(286): CodeIgniter\Database\BaseBuilder->get()
#5 C:\xampp\htdocs\WITMS\system\BaseModel.php(677): CodeIgniter\Model->doFindAll(0, 0)
#6 C:\xampp\htdocs\WITMS\app\Models\DepartmentModel.php(96): CodeIgniter\BaseModel->findAll()
#7 C:\xampp\htdocs\WITMS\app\Controllers\Auth.php(664): App\Models\DepartmentModel->getActiveDepartments()
#8 C:\xampp\htdocs\WITMS\system\CodeIgniter.php(933): App\Controllers\Auth->contactAdministrator()
#9 C:\xampp\htdocs\WITMS\system\CodeIgniter.php(507): CodeIgniter\CodeIgniter->runController(Object(App\Controllers\Auth))
#10 C:\xampp\htdocs\WITMS\system\CodeIgniter.php(354): CodeIgniter\CodeIgniter->handleRequest(NULL, Object(Config\Cache), false)
#11 C:\xampp\htdocs\WITMS\system\Boot.php(363): CodeIgniter\CodeIgniter->run()
#12 C:\xampp\htdocs\WITMS\system\Boot.php(68): CodeIgniter\Boot::runCodeIgniter(Object(CodeIgniter\CodeIgniter))
#13 C:\xampp\htdocs\WITMS\index.php(59): CodeIgniter\Boot::bootWeb(Object(Config\Paths))
#14 {main}

Next CodeIgniter\Database\Exceptions\DatabaseException: Unknown database 'witms_db' in C:\xampp\htdocs\WITMS\system\Database\MySQLi\Connection.php:246
Stack trace:
#0 C:\xampp\htdocs\WITMS\system\Database\BaseConnection.php(419): CodeIgniter\Database\MySQLi\Connection->connect(false)
#1 C:\xampp\htdocs\WITMS\system\Database\BaseConnection.php(614): CodeIgniter\Database\BaseConnection->initialize()
#2 C:\xampp\htdocs\WITMS\system\Database\BaseBuilder.php(1649): CodeIgniter\Database\BaseConnection->query('SELECT *\nFROM `...', Array, false)
#3 C:\xampp\htdocs\WITMS\system\Model.php(286): CodeIgniter\Database\BaseBuilder->get()
#4 C:\xampp\htdocs\WITMS\system\BaseModel.php(677): CodeIgniter\Model->doFindAll(0, 0)
#5 C:\xampp\htdocs\WITMS\app\Models\DepartmentModel.php(96): CodeIgniter\BaseModel->findAll()
#6 C:\xampp\htdocs\WITMS\app\Controllers\Auth.php(664): App\Models\DepartmentModel->getActiveDepartments()
#7 C:\xampp\htdocs\WITMS\system\CodeIgniter.php(933): App\Controllers\Auth->contactAdministrator()
#8 C:\xampp\htdocs\WITMS\system\CodeIgniter.php(507): CodeIgniter\CodeIgniter->runController(Object(App\Controllers\Auth))
#9 C:\xampp\htdocs\WITMS\system\CodeIgniter.php(354): CodeIgniter\CodeIgniter->handleRequest(NULL, Object(Config\Cache), false)
#10 C:\xampp\htdocs\WITMS\system\Boot.php(363): CodeIgniter\CodeIgniter->run()
#11 C:\xampp\htdocs\WITMS\system\Boot.php(68): CodeIgniter\Boot::runCodeIgniter(Object(CodeIgniter\CodeIgniter))
#12 C:\xampp\htdocs\WITMS\index.php(59): CodeIgniter\Boot::bootWeb(Object(Config\Paths))
#13 {main}
CRITICAL - 2025-10-31 15:06:43 --> CodeIgniter\Database\Exceptions\DatabaseException: Unable to connect to the database.
Main connection [MySQLi]: Unknown database 'witms_db'
[Method: GET, Route: auth/contact-admin]
in SYSTEMPATH\Database\BaseConnection.php on line 465.
 1 SYSTEMPATH\Database\BaseConnection.php(614): CodeIgniter\Database\BaseConnection->initialize()
 2 SYSTEMPATH\Database\BaseBuilder.php(1649): CodeIgniter\Database\BaseConnection->query('SELECT *
FROM `departments`
WHERE `is_active` = :is_active:', [...], false)
 3 SYSTEMPATH\Model.php(286): CodeIgniter\Database\BaseBuilder->get()
 4 SYSTEMPATH\BaseModel.php(677): CodeIgniter\Model->doFindAll(0, 0)
 5 APPPATH\Models\DepartmentModel.php(96): CodeIgniter\BaseModel->findAll()
 6 APPPATH\Controllers\Auth.php(664): App\Models\DepartmentModel->getActiveDepartments()
 7 SYSTEMPATH\CodeIgniter.php(933): App\Controllers\Auth->contactAdministrator()
 8 SYSTEMPATH\CodeIgniter.php(507): CodeIgniter\CodeIgniter->runController(Object(App\Controllers\Auth))
 9 SYSTEMPATH\CodeIgniter.php(354): CodeIgniter\CodeIgniter->handleRequest(null, Object(Config\Cache), false)
10 SYSTEMPATH\Boot.php(363): CodeIgniter\CodeIgniter->run()
11 SYSTEMPATH\Boot.php(68): CodeIgniter\Boot::runCodeIgniter(Object(CodeIgniter\CodeIgniter))
12 FCPATH\index.php(59): CodeIgniter\Boot::bootWeb(Object(Config\Paths))
CRITICAL - 2025-10-31 15:33:49 --> ErrorException: Undefined array key "role"
[Method: GET, Route: auth/reset-password-confirm/9c030a11311652ceaaad43e82f9579690f0d6c93e210eeab7f50210ac286ed16]
in APPPATH\Views\auth\reset_password_confirm.php on line 56.
 1 APPPATH\Views\auth\reset_password_confirm.php(56): CodeIgniter\Debug\Exceptions->errorHandler(2, 'Undefined array key "role"', 'C:\\xampp\\htdocs\\WITMS\\app\\Views\\auth\\reset_password_confirm.php', 56)
 2 SYSTEMPATH\View\View.php(226): include('C:\\xampp\\htdocs\\WITMS\\app\\Views\\auth\\reset_password_confirm.php')
 3 SYSTEMPATH\View\View.php(229): CodeIgniter\View\View->CodeIgniter\View\{closure}()
 4 SYSTEMPATH\Common.php(1167): CodeIgniter\View\View->render('auth/reset_password_confirm', [], true)
 5 APPPATH\Controllers\Auth.php(598): view('auth/reset_password_confirm', [...])
 6 SYSTEMPATH\CodeIgniter.php(933): App\Controllers\Auth->resetPasswordConfirm('9c030a11311652ceaaad43e82f9579690f0d6c93e210eeab7f50210ac286ed16')
 7 SYSTEMPATH\CodeIgniter.php(507): CodeIgniter\CodeIgniter->runController(Object(App\Controllers\Auth))
 8 SYSTEMPATH\CodeIgniter.php(354): CodeIgniter\CodeIgniter->handleRequest(null, Object(Config\Cache), false)
 9 SYSTEMPATH\Boot.php(363): CodeIgniter\CodeIgniter->run()
10 SYSTEMPATH\Boot.php(68): CodeIgniter\Boot::runCodeIgniter(Object(CodeIgniter\CodeIgniter))
11 FCPATH\index.php(59): CodeIgniter\Boot::bootWeb(Object(Config\Paths))
ERROR - 2025-10-31 15:41:31 --> mysqli_sql_exception: Column 'is_active' in where clause is ambiguous in C:\xampp\htdocs\WITMS\system\Database\MySQLi\Connection.php:327
Stack trace:
#0 C:\xampp\htdocs\WITMS\system\Database\MySQLi\Connection.php(327): mysqli->query('SELECT `users`....', 0)
#1 C:\xampp\htdocs\WITMS\system\Database\BaseConnection.php(729): CodeIgniter\Database\MySQLi\Connection->execute('SELECT `users`....')
#2 C:\xampp\htdocs\WITMS\system\Database\BaseConnection.php(646): CodeIgniter\Database\BaseConnection->simpleQuery('SELECT `users`....')
#3 C:\xampp\htdocs\WITMS\system\Database\BaseBuilder.php(1649): CodeIgniter\Database\BaseConnection->query('SELECT `users`....', Array, false)
#4 C:\xampp\htdocs\WITMS\system\Model.php(286): CodeIgniter\Database\BaseBuilder->get()
#5 C:\xampp\htdocs\WITMS\system\BaseModel.php(677): CodeIgniter\Model->doFindAll(0, 0)
#6 C:\xampp\htdocs\WITMS\app\Models\UserModel.php(163): CodeIgniter\BaseModel->findAll()
#7 C:\xampp\htdocs\WITMS\app\Controllers\Dashboard.php(362): App\Models\UserModel->getAllUsersWithRoles()
#8 C:\xampp\htdocs\WITMS\app\Controllers\Dashboard.php(157): App\Controllers\Dashboard->getITAdminStats()
#9 C:\xampp\htdocs\WITMS\system\CodeIgniter.php(933): App\Controllers\Dashboard->itAdministrator()
#10 C:\xampp\htdocs\WITMS\system\CodeIgniter.php(507): CodeIgniter\CodeIgniter->runController(Object(App\Controllers\Dashboard))
#11 C:\xampp\htdocs\WITMS\system\CodeIgniter.php(354): CodeIgniter\CodeIgniter->handleRequest(NULL, Object(Config\Cache), false)
#12 C:\xampp\htdocs\WITMS\system\Boot.php(363): CodeIgniter\CodeIgniter->run()
#13 C:\xampp\htdocs\WITMS\system\Boot.php(68): CodeIgniter\Boot::runCodeIgniter(Object(CodeIgniter\CodeIgniter))
#14 C:\xampp\htdocs\WITMS\index.php(59): CodeIgniter\Boot::bootWeb(Object(Config\Paths))
#15 {main}
CRITICAL - 2025-10-31 15:41:31 --> CodeIgniter\Database\Exceptions\DatabaseException: Column 'is_active' in where clause is ambiguous
[Method: GET, Route: dashboard/it-administrator]
in SYSTEMPATH\Database\BaseConnection.php on line 684.
 1 SYSTEMPATH\Database\BaseBuilder.php(1649): CodeIgniter\Database\BaseConnection->query('SELECT `users`.*, `roles`.`name` as `role_name`
FROM `users`
LEFT JOIN `roles` ON `roles`.`id` = `users`.`role_id`
WHERE `is_active` = :is_active.10:
AND `is_active` = :is_active.11:
AND `role_id` = :role_id.8:
AND `is_active` = :is_active.12:
AND `role_id` = :role_id.9:
AND `is_active` = :is_active.13:
AND `role_id` = :role_id.10:
AND `is_active` = :is_active.14:
AND `role_id` = :role_id.11:
AND `is_active` = :is_active.15:
AND `role_id` = :role_id.12:
AND `is_active` = :is_active.16:
AND `role_id` = :role_id.13:
AND `is_active` = :is_active.17:
AND `role_id` = :role_id.14:
AND `is_active` = :is_active.18:
AND `role_id` = :role_id.15:
AND `is_active` = :is_active.19:', [...], false)
 2 SYSTEMPATH\Model.php(286): CodeIgniter\Database\BaseBuilder->get()
 3 SYSTEMPATH\BaseModel.php(677): CodeIgniter\Model->doFindAll(0, 0)
 4 APPPATH\Models\UserModel.php(163): CodeIgniter\BaseModel->findAll()
 5 APPPATH\Controllers\Dashboard.php(362): App\Models\UserModel->getAllUsersWithRoles()
 6 APPPATH\Controllers\Dashboard.php(157): App\Controllers\Dashboard->getITAdminStats()
 7 SYSTEMPATH\CodeIgniter.php(933): App\Controllers\Dashboard->itAdministrator()
 8 SYSTEMPATH\CodeIgniter.php(507): CodeIgniter\CodeIgniter->runController(Object(App\Controllers\Dashboard))
 9 SYSTEMPATH\CodeIgniter.php(354): CodeIgniter\CodeIgniter->handleRequest(null, Object(Config\Cache), false)
10 SYSTEMPATH\Boot.php(363): CodeIgniter\CodeIgniter->run()
11 SYSTEMPATH\Boot.php(68): CodeIgniter\Boot::runCodeIgniter(Object(CodeIgniter\CodeIgniter))
12 FCPATH\index.php(59): CodeIgniter\Boot::bootWeb(Object(Config\Paths))
CRITICAL - 2025-10-31 15:41:31 --> [Caused by] CodeIgniter\Database\Exceptions\DatabaseException: Column 'is_active' in where clause is ambiguous
in SYSTEMPATH\Database\MySQLi\Connection.php on line 332.
 1 SYSTEMPATH\Database\BaseConnection.php(729): CodeIgniter\Database\MySQLi\Connection->execute('SELECT `users`.*, `roles`.`name` as `role_name`
FROM `users`
LEFT JOIN `roles` ON `roles`.`id` = `users`.`role_id`
WHERE `is_active` = 1
AND `is_active` = 0
AND `role_id` = \'1\'
AND `is_active` = 1
AND `role_id` = \'2\'
AND `is_active` = 1
AND `role_id` = \'3\'
AND `is_active` = 1
AND `role_id` = \'4\'
AND `is_active` = 1
AND `role_id` = \'5\'
AND `is_active` = 1
AND `role_id` = \'6\'
AND `is_active` = 1
AND `role_id` = \'7\'
AND `is_active` = 1
AND `role_id` = \'8\'
AND `is_active` = 1')
 2 SYSTEMPATH\Database\BaseConnection.php(646): CodeIgniter\Database\BaseConnection->simpleQuery('SELECT `users`.*, `roles`.`name` as `role_name`
FROM `users`
LEFT JOIN `roles` ON `roles`.`id` = `users`.`role_id`
WHERE `is_active` = 1
AND `is_active` = 0
AND `role_id` = \'1\'
AND `is_active` = 1
AND `role_id` = \'2\'
AND `is_active` = 1
AND `role_id` = \'3\'
AND `is_active` = 1
AND `role_id` = \'4\'
AND `is_active` = 1
AND `role_id` = \'5\'
AND `is_active` = 1
AND `role_id` = \'6\'
AND `is_active` = 1
AND `role_id` = \'7\'
AND `is_active` = 1
AND `role_id` = \'8\'
AND `is_active` = 1')
 3 SYSTEMPATH\Database\BaseBuilder.php(1649): CodeIgniter\Database\BaseConnection->query('SELECT `users`.*, `roles`.`name` as `role_name`
FROM `users`
LEFT JOIN `roles` ON `roles`.`id` = `users`.`role_id`
WHERE `is_active` = :is_active.10:
AND `is_active` = :is_active.11:
AND `role_id` = :role_id.8:
AND `is_active` = :is_active.12:
AND `role_id` = :role_id.9:
AND `is_active` = :is_active.13:
AND `role_id` = :role_id.10:
AND `is_active` = :is_active.14:
AND `role_id` = :role_id.11:
AND `is_active` = :is_active.15:
AND `role_id` = :role_id.12:
AND `is_active` = :is_active.16:
AND `role_id` = :role_id.13:
AND `is_active` = :is_active.17:
AND `role_id` = :role_id.14:
AND `is_active` = :is_active.18:
AND `role_id` = :role_id.15:
AND `is_active` = :is_active.19:', [...], false)
 4 SYSTEMPATH\Model.php(286): CodeIgniter\Database\BaseBuilder->get()
 5 SYSTEMPATH\BaseModel.php(677): CodeIgniter\Model->doFindAll(0, 0)
 6 APPPATH\Models\UserModel.php(163): CodeIgniter\BaseModel->findAll()
 7 APPPATH\Controllers\Dashboard.php(362): App\Models\UserModel->getAllUsersWithRoles()
 8 APPPATH\Controllers\Dashboard.php(157): App\Controllers\Dashboard->getITAdminStats()
 9 SYSTEMPATH\CodeIgniter.php(933): App\Controllers\Dashboard->itAdministrator()
10 SYSTEMPATH\CodeIgniter.php(507): CodeIgniter\CodeIgniter->runController(Object(App\Controllers\Dashboard))
11 SYSTEMPATH\CodeIgniter.php(354): CodeIgniter\CodeIgniter->handleRequest(null, Object(Config\Cache), false)
12 SYSTEMPATH\Boot.php(363): CodeIgniter\CodeIgniter->run()
13 SYSTEMPATH\Boot.php(68): CodeIgniter\Boot::runCodeIgniter(Object(CodeIgniter\CodeIgniter))
14 FCPATH\index.php(59): CodeIgniter\Boot::bootWeb(Object(Config\Paths))
CRITICAL - 2025-10-31 15:41:31 --> [Caused by] mysqli_sql_exception: Column 'is_active' in where clause is ambiguous
in SYSTEMPATH\Database\MySQLi\Connection.php on line 327.
 1 SYSTEMPATH\Database\MySQLi\Connection.php(327): mysqli->query('SELECT `users`.*, `roles`.`name` as `role_name`
FROM `users`
LEFT JOIN `roles` ON `roles`.`id` = `users`.`role_id`
WHERE `is_active` = 1
AND `is_active` = 0
AND `role_id` = \'1\'
AND `is_active` = 1
AND `role_id` = \'2\'
AND `is_active` = 1
AND `role_id` = \'3\'
AND `is_active` = 1
AND `role_id` = \'4\'
AND `is_active` = 1
AND `role_id` = \'5\'
AND `is_active` = 1
AND `role_id` = \'6\'
AND `is_active` = 1
AND `role_id` = \'7\'
AND `is_active` = 1
AND `role_id` = \'8\'
AND `is_active` = 1', 0)
 2 SYSTEMPATH\Database\BaseConnection.php(729): CodeIgniter\Database\MySQLi\Connection->execute('SELECT `users`.*, `roles`.`name` as `role_name`
FROM `users`
LEFT JOIN `roles` ON `roles`.`id` = `users`.`role_id`
WHERE `is_active` = 1
AND `is_active` = 0
AND `role_id` = \'1\'
AND `is_active` = 1
AND `role_id` = \'2\'
AND `is_active` = 1
AND `role_id` = \'3\'
AND `is_active` = 1
AND `role_id` = \'4\'
AND `is_active` = 1
AND `role_id` = \'5\'
AND `is_active` = 1
AND `role_id` = \'6\'
AND `is_active` = 1
AND `role_id` = \'7\'
AND `is_active` = 1
AND `role_id` = \'8\'
AND `is_active` = 1')
 3 SYSTEMPATH\Database\BaseConnection.php(646): CodeIgniter\Database\BaseConnection->simpleQuery('SELECT `users`.*, `roles`.`name` as `role_name`
FROM `users`
LEFT JOIN `roles` ON `roles`.`id` = `users`.`role_id`
WHERE `is_active` = 1
AND `is_active` = 0
AND `role_id` = \'1\'
AND `is_active` = 1
AND `role_id` = \'2\'
AND `is_active` = 1
AND `role_id` = \'3\'
AND `is_active` = 1
AND `role_id` = \'4\'
AND `is_active` = 1
AND `role_id` = \'5\'
AND `is_active` = 1
AND `role_id` = \'6\'
AND `is_active` = 1
AND `role_id` = \'7\'
AND `is_active` = 1
AND `role_id` = \'8\'
AND `is_active` = 1')
 4 SYSTEMPATH\Database\BaseBuilder.php(1649): CodeIgniter\Database\BaseConnection->query('SELECT `users`.*, `roles`.`name` as `role_name`
FROM `users`
LEFT JOIN `roles` ON `roles`.`id` = `users`.`role_id`
WHERE `is_active` = :is_active.10:
AND `is_active` = :is_active.11:
AND `role_id` = :role_id.8:
AND `is_active` = :is_active.12:
AND `role_id` = :role_id.9:
AND `is_active` = :is_active.13:
AND `role_id` = :role_id.10:
AND `is_active` = :is_active.14:
AND `role_id` = :role_id.11:
AND `is_active` = :is_active.15:
AND `role_id` = :role_id.12:
AND `is_active` = :is_active.16:
AND `role_id` = :role_id.13:
AND `is_active` = :is_active.17:
AND `role_id` = :role_id.14:
AND `is_active` = :is_active.18:
AND `role_id` = :role_id.15:
AND `is_active` = :is_active.19:', [...], false)
 5 SYSTEMPATH\Model.php(286): CodeIgniter\Database\BaseBuilder->get()
 6 SYSTEMPATH\BaseModel.php(677): CodeIgniter\Model->doFindAll(0, 0)
 7 APPPATH\Models\UserModel.php(163): CodeIgniter\BaseModel->findAll()
 8 APPPATH\Controllers\Dashboard.php(362): App\Models\UserModel->getAllUsersWithRoles()
 9 APPPATH\Controllers\Dashboard.php(157): App\Controllers\Dashboard->getITAdminStats()
10 SYSTEMPATH\CodeIgniter.php(933): App\Controllers\Dashboard->itAdministrator()
11 SYSTEMPATH\CodeIgniter.php(507): CodeIgniter\CodeIgniter->runController(Object(App\Controllers\Dashboard))
12 SYSTEMPATH\CodeIgniter.php(354): CodeIgniter\CodeIgniter->handleRequest(null, Object(Config\Cache), false)
13 SYSTEMPATH\Boot.php(363): CodeIgniter\CodeIgniter->run()
14 SYSTEMPATH\Boot.php(68): CodeIgniter\Boot::runCodeIgniter(Object(CodeIgniter\CodeIgniter))
15 FCPATH\index.php(59): CodeIgniter\Boot::bootWeb(Object(Config\Paths))
ERROR - 2025-10-31 15:41:36 --> mysqli_sql_exception: Column 'is_active' in where clause is ambiguous in C:\xampp\htdocs\WITMS\system\Database\MySQLi\Connection.php:327
Stack trace:
#0 C:\xampp\htdocs\WITMS\system\Database\MySQLi\Connection.php(327): mysqli->query('SELECT `users`....', 0)
#1 C:\xampp\htdocs\WITMS\system\Database\BaseConnection.php(729): CodeIgniter\Database\MySQLi\Connection->execute('SELECT `users`....')
#2 C:\xampp\htdocs\WITMS\system\Database\BaseConnection.php(646): CodeIgniter\Database\BaseConnection->simpleQuery('SELECT `users`....')
#3 C:\xampp\htdocs\WITMS\system\Database\BaseBuilder.php(1649): CodeIgniter\Database\BaseConnection->query('SELECT `users`....', Array, false)
#4 C:\xampp\htdocs\WITMS\system\Model.php(286): CodeIgniter\Database\BaseBuilder->get()
#5 C:\xampp\htdocs\WITMS\system\BaseModel.php(677): CodeIgniter\Model->doFindAll(0, 0)
#6 C:\xampp\htdocs\WITMS\app\Models\UserModel.php(163): CodeIgniter\BaseModel->findAll()
#7 C:\xampp\htdocs\WITMS\app\Controllers\Dashboard.php(362): App\Models\UserModel->getAllUsersWithRoles()
#8 C:\xampp\htdocs\WITMS\app\Controllers\Dashboard.php(157): App\Controllers\Dashboard->getITAdminStats()
#9 C:\xampp\htdocs\WITMS\system\CodeIgniter.php(933): App\Controllers\Dashboard->itAdministrator()
#10 C:\xampp\htdocs\WITMS\system\CodeIgniter.php(507): CodeIgniter\CodeIgniter->runController(Object(App\Controllers\Dashboard))
#11 C:\xampp\htdocs\WITMS\system\CodeIgniter.php(354): CodeIgniter\CodeIgniter->handleRequest(NULL, Object(Config\Cache), false)
#12 C:\xampp\htdocs\WITMS\system\Boot.php(363): CodeIgniter\CodeIgniter->run()
#13 C:\xampp\htdocs\WITMS\system\Boot.php(68): CodeIgniter\Boot::runCodeIgniter(Object(CodeIgniter\CodeIgniter))
#14 C:\xampp\htdocs\WITMS\index.php(59): CodeIgniter\Boot::bootWeb(Object(Config\Paths))
#15 {main}
CRITICAL - 2025-10-31 15:41:36 --> CodeIgniter\Database\Exceptions\DatabaseException: Column 'is_active' in where clause is ambiguous
[Method: GET, Route: dashboard/it-administrator]
in SYSTEMPATH\Database\BaseConnection.php on line 684.
 1 SYSTEMPATH\Database\BaseBuilder.php(1649): CodeIgniter\Database\BaseConnection->query('SELECT `users`.*, `roles`.`name` as `role_name`
FROM `users`
LEFT JOIN `roles` ON `roles`.`id` = `users`.`role_id`
WHERE `is_active` = :is_active.10:
AND `is_active` = :is_active.11:
AND `role_id` = :role_id.8:
AND `is_active` = :is_active.12:
AND `role_id` = :role_id.9:
AND `is_active` = :is_active.13:
AND `role_id` = :role_id.10:
AND `is_active` = :is_active.14:
AND `role_id` = :role_id.11:
AND `is_active` = :is_active.15:
AND `role_id` = :role_id.12:
AND `is_active` = :is_active.16:
AND `role_id` = :role_id.13:
AND `is_active` = :is_active.17:
AND `role_id` = :role_id.14:
AND `is_active` = :is_active.18:
AND `role_id` = :role_id.15:
AND `is_active` = :is_active.19:', [...], false)
 2 SYSTEMPATH\Model.php(286): CodeIgniter\Database\BaseBuilder->get()
 3 SYSTEMPATH\BaseModel.php(677): CodeIgniter\Model->doFindAll(0, 0)
 4 APPPATH\Models\UserModel.php(163): CodeIgniter\BaseModel->findAll()
 5 APPPATH\Controllers\Dashboard.php(362): App\Models\UserModel->getAllUsersWithRoles()
 6 APPPATH\Controllers\Dashboard.php(157): App\Controllers\Dashboard->getITAdminStats()
 7 SYSTEMPATH\CodeIgniter.php(933): App\Controllers\Dashboard->itAdministrator()
 8 SYSTEMPATH\CodeIgniter.php(507): CodeIgniter\CodeIgniter->runController(Object(App\Controllers\Dashboard))
 9 SYSTEMPATH\CodeIgniter.php(354): CodeIgniter\CodeIgniter->handleRequest(null, Object(Config\Cache), false)
10 SYSTEMPATH\Boot.php(363): CodeIgniter\CodeIgniter->run()
11 SYSTEMPATH\Boot.php(68): CodeIgniter\Boot::runCodeIgniter(Object(CodeIgniter\CodeIgniter))
12 FCPATH\index.php(59): CodeIgniter\Boot::bootWeb(Object(Config\Paths))
CRITICAL - 2025-10-31 15:41:36 --> [Caused by] CodeIgniter\Database\Exceptions\DatabaseException: Column 'is_active' in where clause is ambiguous
in SYSTEMPATH\Database\MySQLi\Connection.php on line 332.
 1 SYSTEMPATH\Database\BaseConnection.php(729): CodeIgniter\Database\MySQLi\Connection->execute('SELECT `users`.*, `roles`.`name` as `role_name`
FROM `users`
LEFT JOIN `roles` ON `roles`.`id` = `users`.`role_id`
WHERE `is_active` = 1
AND `is_active` = 0
AND `role_id` = \'1\'
AND `is_active` = 1
AND `role_id` = \'2\'
AND `is_active` = 1
AND `role_id` = \'3\'
AND `is_active` = 1
AND `role_id` = \'4\'
AND `is_active` = 1
AND `role_id` = \'5\'
AND `is_active` = 1
AND `role_id` = \'6\'
AND `is_active` = 1
AND `role_id` = \'7\'
AND `is_active` = 1
AND `role_id` = \'8\'
AND `is_active` = 1')
 2 SYSTEMPATH\Database\BaseConnection.php(646): CodeIgniter\Database\BaseConnection->simpleQuery('SELECT `users`.*, `roles`.`name` as `role_name`
FROM `users`
LEFT JOIN `roles` ON `roles`.`id` = `users`.`role_id`
WHERE `is_active` = 1
AND `is_active` = 0
AND `role_id` = \'1\'
AND `is_active` = 1
AND `role_id` = \'2\'
AND `is_active` = 1
AND `role_id` = \'3\'
AND `is_active` = 1
AND `role_id` = \'4\'
AND `is_active` = 1
AND `role_id` = \'5\'
AND `is_active` = 1
AND `role_id` = \'6\'
AND `is_active` = 1
AND `role_id` = \'7\'
AND `is_active` = 1
AND `role_id` = \'8\'
AND `is_active` = 1')
 3 SYSTEMPATH\Database\BaseBuilder.php(1649): CodeIgniter\Database\BaseConnection->query('SELECT `users`.*, `roles`.`name` as `role_name`
FROM `users`
LEFT JOIN `roles` ON `roles`.`id` = `users`.`role_id`
WHERE `is_active` = :is_active.10:
AND `is_active` = :is_active.11:
AND `role_id` = :role_id.8:
AND `is_active` = :is_active.12:
AND `role_id` = :role_id.9:
AND `is_active` = :is_active.13:
AND `role_id` = :role_id.10:
AND `is_active` = :is_active.14:
AND `role_id` = :role_id.11:
AND `is_active` = :is_active.15:
AND `role_id` = :role_id.12:
AND `is_active` = :is_active.16:
AND `role_id` = :role_id.13:
AND `is_active` = :is_active.17:
AND `role_id` = :role_id.14:
AND `is_active` = :is_active.18:
AND `role_id` = :role_id.15:
AND `is_active` = :is_active.19:', [...], false)
 4 SYSTEMPATH\Model.php(286): CodeIgniter\Database\BaseBuilder->get()
 5 SYSTEMPATH\BaseModel.php(677): CodeIgniter\Model->doFindAll(0, 0)
 6 APPPATH\Models\UserModel.php(163): CodeIgniter\BaseModel->findAll()
 7 APPPATH\Controllers\Dashboard.php(362): App\Models\UserModel->getAllUsersWithRoles()
 8 APPPATH\Controllers\Dashboard.php(157): App\Controllers\Dashboard->getITAdminStats()
 9 SYSTEMPATH\CodeIgniter.php(933): App\Controllers\Dashboard->itAdministrator()
10 SYSTEMPATH\CodeIgniter.php(507): CodeIgniter\CodeIgniter->runController(Object(App\Controllers\Dashboard))
11 SYSTEMPATH\CodeIgniter.php(354): CodeIgniter\CodeIgniter->handleRequest(null, Object(Config\Cache), false)
12 SYSTEMPATH\Boot.php(363): CodeIgniter\CodeIgniter->run()
13 SYSTEMPATH\Boot.php(68): CodeIgniter\Boot::runCodeIgniter(Object(CodeIgniter\CodeIgniter))
14 FCPATH\index.php(59): CodeIgniter\Boot::bootWeb(Object(Config\Paths))
CRITICAL - 2025-10-31 15:41:36 --> [Caused by] mysqli_sql_exception: Column 'is_active' in where clause is ambiguous
in SYSTEMPATH\Database\MySQLi\Connection.php on line 327.
 1 SYSTEMPATH\Database\MySQLi\Connection.php(327): mysqli->query('SELECT `users`.*, `roles`.`name` as `role_name`
FROM `users`
LEFT JOIN `roles` ON `roles`.`id` = `users`.`role_id`
WHERE `is_active` = 1
AND `is_active` = 0
AND `role_id` = \'1\'
AND `is_active` = 1
AND `role_id` = \'2\'
AND `is_active` = 1
AND `role_id` = \'3\'
AND `is_active` = 1
AND `role_id` = \'4\'
AND `is_active` = 1
AND `role_id` = \'5\'
AND `is_active` = 1
AND `role_id` = \'6\'
AND `is_active` = 1
AND `role_id` = \'7\'
AND `is_active` = 1
AND `role_id` = \'8\'
AND `is_active` = 1', 0)
 2 SYSTEMPATH\Database\BaseConnection.php(729): CodeIgniter\Database\MySQLi\Connection->execute('SELECT `users`.*, `roles`.`name` as `role_name`
FROM `users`
LEFT JOIN `roles` ON `roles`.`id` = `users`.`role_id`
WHERE `is_active` = 1
AND `is_active` = 0
AND `role_id` = \'1\'
AND `is_active` = 1
AND `role_id` = \'2\'
AND `is_active` = 1
AND `role_id` = \'3\'
AND `is_active` = 1
AND `role_id` = \'4\'
AND `is_active` = 1
AND `role_id` = \'5\'
AND `is_active` = 1
AND `role_id` = \'6\'
AND `is_active` = 1
AND `role_id` = \'7\'
AND `is_active` = 1
AND `role_id` = \'8\'
AND `is_active` = 1')
 3 SYSTEMPATH\Database\BaseConnection.php(646): CodeIgniter\Database\BaseConnection->simpleQuery('SELECT `users`.*, `roles`.`name` as `role_name`
FROM `users`
LEFT JOIN `roles` ON `roles`.`id` = `users`.`role_id`
WHERE `is_active` = 1
AND `is_active` = 0
AND `role_id` = \'1\'
AND `is_active` = 1
AND `role_id` = \'2\'
AND `is_active` = 1
AND `role_id` = \'3\'
AND `is_active` = 1
AND `role_id` = \'4\'
AND `is_active` = 1
AND `role_id` = \'5\'
AND `is_active` = 1
AND `role_id` = \'6\'
AND `is_active` = 1
AND `role_id` = \'7\'
AND `is_active` = 1
AND `role_id` = \'8\'
AND `is_active` = 1')
 4 SYSTEMPATH\Database\BaseBuilder.php(1649): CodeIgniter\Database\BaseConnection->query('SELECT `users`.*, `roles`.`name` as `role_name`
FROM `users`
LEFT JOIN `roles` ON `roles`.`id` = `users`.`role_id`
WHERE `is_active` = :is_active.10:
AND `is_active` = :is_active.11:
AND `role_id` = :role_id.8:
AND `is_active` = :is_active.12:
AND `role_id` = :role_id.9:
AND `is_active` = :is_active.13:
AND `role_id` = :role_id.10:
AND `is_active` = :is_active.14:
AND `role_id` = :role_id.11:
AND `is_active` = :is_active.15:
AND `role_id` = :role_id.12:
AND `is_active` = :is_active.16:
AND `role_id` = :role_id.13:
AND `is_active` = :is_active.17:
AND `role_id` = :role_id.14:
AND `is_active` = :is_active.18:
AND `role_id` = :role_id.15:
AND `is_active` = :is_active.19:', [...], false)
 5 SYSTEMPATH\Model.php(286): CodeIgniter\Database\BaseBuilder->get()
 6 SYSTEMPATH\BaseModel.php(677): CodeIgniter\Model->doFindAll(0, 0)
 7 APPPATH\Models\UserModel.php(163): CodeIgniter\BaseModel->findAll()
 8 APPPATH\Controllers\Dashboard.php(362): App\Models\UserModel->getAllUsersWithRoles()
 9 APPPATH\Controllers\Dashboard.php(157): App\Controllers\Dashboard->getITAdminStats()
10 SYSTEMPATH\CodeIgniter.php(933): App\Controllers\Dashboard->itAdministrator()
11 SYSTEMPATH\CodeIgniter.php(507): CodeIgniter\CodeIgniter->runController(Object(App\Controllers\Dashboard))
12 SYSTEMPATH\CodeIgniter.php(354): CodeIgniter\CodeIgniter->handleRequest(null, Object(Config\Cache), false)
13 SYSTEMPATH\Boot.php(363): CodeIgniter\CodeIgniter->run()
14 SYSTEMPATH\Boot.php(68): CodeIgniter\Boot::runCodeIgniter(Object(CodeIgniter\CodeIgniter))
15 FCPATH\index.php(59): CodeIgniter\Boot::bootWeb(Object(Config\Paths))
ERROR - 2025-10-31 15:41:39 --> mysqli_sql_exception: Column 'is_active' in where clause is ambiguous in C:\xampp\htdocs\WITMS\system\Database\MySQLi\Connection.php:327
Stack trace:
#0 C:\xampp\htdocs\WITMS\system\Database\MySQLi\Connection.php(327): mysqli->query('SELECT `users`....', 0)
#1 C:\xampp\htdocs\WITMS\system\Database\BaseConnection.php(729): CodeIgniter\Database\MySQLi\Connection->execute('SELECT `users`....')
#2 C:\xampp\htdocs\WITMS\system\Database\BaseConnection.php(646): CodeIgniter\Database\BaseConnection->simpleQuery('SELECT `users`....')
#3 C:\xampp\htdocs\WITMS\system\Database\BaseBuilder.php(1649): CodeIgniter\Database\BaseConnection->query('SELECT `users`....', Array, false)
#4 C:\xampp\htdocs\WITMS\system\Model.php(286): CodeIgniter\Database\BaseBuilder->get()
#5 C:\xampp\htdocs\WITMS\system\BaseModel.php(677): CodeIgniter\Model->doFindAll(0, 0)
#6 C:\xampp\htdocs\WITMS\app\Models\UserModel.php(163): CodeIgniter\BaseModel->findAll()
#7 C:\xampp\htdocs\WITMS\app\Controllers\Dashboard.php(362): App\Models\UserModel->getAllUsersWithRoles()
#8 C:\xampp\htdocs\WITMS\app\Controllers\Dashboard.php(157): App\Controllers\Dashboard->getITAdminStats()
#9 C:\xampp\htdocs\WITMS\system\CodeIgniter.php(933): App\Controllers\Dashboard->itAdministrator()
#10 C:\xampp\htdocs\WITMS\system\CodeIgniter.php(507): CodeIgniter\CodeIgniter->runController(Object(App\Controllers\Dashboard))
#11 C:\xampp\htdocs\WITMS\system\CodeIgniter.php(354): CodeIgniter\CodeIgniter->handleRequest(NULL, Object(Config\Cache), false)
#12 C:\xampp\htdocs\WITMS\system\Boot.php(363): CodeIgniter\CodeIgniter->run()
#13 C:\xampp\htdocs\WITMS\system\Boot.php(68): CodeIgniter\Boot::runCodeIgniter(Object(CodeIgniter\CodeIgniter))
#14 C:\xampp\htdocs\WITMS\index.php(59): CodeIgniter\Boot::bootWeb(Object(Config\Paths))
#15 {main}
CRITICAL - 2025-10-31 15:41:39 --> CodeIgniter\Database\Exceptions\DatabaseException: Column 'is_active' in where clause is ambiguous
[Method: GET, Route: dashboard/it-administrator]
in SYSTEMPATH\Database\BaseConnection.php on line 684.
 1 SYSTEMPATH\Database\BaseBuilder.php(1649): CodeIgniter\Database\BaseConnection->query('SELECT `users`.*, `roles`.`name` as `role_name`
FROM `users`
LEFT JOIN `roles` ON `roles`.`id` = `users`.`role_id`
WHERE `is_active` = :is_active.10:
AND `is_active` = :is_active.11:
AND `role_id` = :role_id.8:
AND `is_active` = :is_active.12:
AND `role_id` = :role_id.9:
AND `is_active` = :is_active.13:
AND `role_id` = :role_id.10:
AND `is_active` = :is_active.14:
AND `role_id` = :role_id.11:
AND `is_active` = :is_active.15:
AND `role_id` = :role_id.12:
AND `is_active` = :is_active.16:
AND `role_id` = :role_id.13:
AND `is_active` = :is_active.17:
AND `role_id` = :role_id.14:
AND `is_active` = :is_active.18:
AND `role_id` = :role_id.15:
AND `is_active` = :is_active.19:', [...], false)
 2 SYSTEMPATH\Model.php(286): CodeIgniter\Database\BaseBuilder->get()
 3 SYSTEMPATH\BaseModel.php(677): CodeIgniter\Model->doFindAll(0, 0)
 4 APPPATH\Models\UserModel.php(163): CodeIgniter\BaseModel->findAll()
 5 APPPATH\Controllers\Dashboard.php(362): App\Models\UserModel->getAllUsersWithRoles()
 6 APPPATH\Controllers\Dashboard.php(157): App\Controllers\Dashboard->getITAdminStats()
 7 SYSTEMPATH\CodeIgniter.php(933): App\Controllers\Dashboard->itAdministrator()
 8 SYSTEMPATH\CodeIgniter.php(507): CodeIgniter\CodeIgniter->runController(Object(App\Controllers\Dashboard))
 9 SYSTEMPATH\CodeIgniter.php(354): CodeIgniter\CodeIgniter->handleRequest(null, Object(Config\Cache), false)
10 SYSTEMPATH\Boot.php(363): CodeIgniter\CodeIgniter->run()
11 SYSTEMPATH\Boot.php(68): CodeIgniter\Boot::runCodeIgniter(Object(CodeIgniter\CodeIgniter))
12 FCPATH\index.php(59): CodeIgniter\Boot::bootWeb(Object(Config\Paths))
CRITICAL - 2025-10-31 15:41:39 --> [Caused by] CodeIgniter\Database\Exceptions\DatabaseException: Column 'is_active' in where clause is ambiguous
in SYSTEMPATH\Database\MySQLi\Connection.php on line 332.
 1 SYSTEMPATH\Database\BaseConnection.php(729): CodeIgniter\Database\MySQLi\Connection->execute('SELECT `users`.*, `roles`.`name` as `role_name`
FROM `users`
LEFT JOIN `roles` ON `roles`.`id` = `users`.`role_id`
WHERE `is_active` = 1
AND `is_active` = 0
AND `role_id` = \'1\'
AND `is_active` = 1
AND `role_id` = \'2\'
AND `is_active` = 1
AND `role_id` = \'3\'
AND `is_active` = 1
AND `role_id` = \'4\'
AND `is_active` = 1
AND `role_id` = \'5\'
AND `is_active` = 1
AND `role_id` = \'6\'
AND `is_active` = 1
AND `role_id` = \'7\'
AND `is_active` = 1
AND `role_id` = \'8\'
AND `is_active` = 1')
 2 SYSTEMPATH\Database\BaseConnection.php(646): CodeIgniter\Database\BaseConnection->simpleQuery('SELECT `users`.*, `roles`.`name` as `role_name`
FROM `users`
LEFT JOIN `roles` ON `roles`.`id` = `users`.`role_id`
WHERE `is_active` = 1
AND `is_active` = 0
AND `role_id` = \'1\'
AND `is_active` = 1
AND `role_id` = \'2\'
AND `is_active` = 1
AND `role_id` = \'3\'
AND `is_active` = 1
AND `role_id` = \'4\'
AND `is_active` = 1
AND `role_id` = \'5\'
AND `is_active` = 1
AND `role_id` = \'6\'
AND `is_active` = 1
AND `role_id` = \'7\'
AND `is_active` = 1
AND `role_id` = \'8\'
AND `is_active` = 1')
 3 SYSTEMPATH\Database\BaseBuilder.php(1649): CodeIgniter\Database\BaseConnection->query('SELECT `users`.*, `roles`.`name` as `role_name`
FROM `users`
LEFT JOIN `roles` ON `roles`.`id` = `users`.`role_id`
WHERE `is_active` = :is_active.10:
AND `is_active` = :is_active.11:
AND `role_id` = :role_id.8:
AND `is_active` = :is_active.12:
AND `role_id` = :role_id.9:
AND `is_active` = :is_active.13:
AND `role_id` = :role_id.10:
AND `is_active` = :is_active.14:
AND `role_id` = :role_id.11:
AND `is_active` = :is_active.15:
AND `role_id` = :role_id.12:
AND `is_active` = :is_active.16:
AND `role_id` = :role_id.13:
AND `is_active` = :is_active.17:
AND `role_id` = :role_id.14:
AND `is_active` = :is_active.18:
AND `role_id` = :role_id.15:
AND `is_active` = :is_active.19:', [...], false)
 4 SYSTEMPATH\Model.php(286): CodeIgniter\Database\BaseBuilder->get()
 5 SYSTEMPATH\BaseModel.php(677): CodeIgniter\Model->doFindAll(0, 0)
 6 APPPATH\Models\UserModel.php(163): CodeIgniter\BaseModel->findAll()
 7 APPPATH\Controllers\Dashboard.php(362): App\Models\UserModel->getAllUsersWithRoles()
 8 APPPATH\Controllers\Dashboard.php(157): App\Controllers\Dashboard->getITAdminStats()
 9 SYSTEMPATH\CodeIgniter.php(933): App\Controllers\Dashboard->itAdministrator()
10 SYSTEMPATH\CodeIgniter.php(507): CodeIgniter\CodeIgniter->runController(Object(App\Controllers\Dashboard))
11 SYSTEMPATH\CodeIgniter.php(354): CodeIgniter\CodeIgniter->handleRequest(null, Object(Config\Cache), false)
12 SYSTEMPATH\Boot.php(363): CodeIgniter\CodeIgniter->run()
13 SYSTEMPATH\Boot.php(68): CodeIgniter\Boot::runCodeIgniter(Object(CodeIgniter\CodeIgniter))
14 FCPATH\index.php(59): CodeIgniter\Boot::bootWeb(Object(Config\Paths))
CRITICAL - 2025-10-31 15:41:39 --> [Caused by] mysqli_sql_exception: Column 'is_active' in where clause is ambiguous
in SYSTEMPATH\Database\MySQLi\Connection.php on line 327.
 1 SYSTEMPATH\Database\MySQLi\Connection.php(327): mysqli->query('SELECT `users`.*, `roles`.`name` as `role_name`
FROM `users`
LEFT JOIN `roles` ON `roles`.`id` = `users`.`role_id`
WHERE `is_active` = 1
AND `is_active` = 0
AND `role_id` = \'1\'
AND `is_active` = 1
AND `role_id` = \'2\'
AND `is_active` = 1
AND `role_id` = \'3\'
AND `is_active` = 1
AND `role_id` = \'4\'
AND `is_active` = 1
AND `role_id` = \'5\'
AND `is_active` = 1
AND `role_id` = \'6\'
AND `is_active` = 1
AND `role_id` = \'7\'
AND `is_active` = 1
AND `role_id` = \'8\'
AND `is_active` = 1', 0)
 2 SYSTEMPATH\Database\BaseConnection.php(729): CodeIgniter\Database\MySQLi\Connection->execute('SELECT `users`.*, `roles`.`name` as `role_name`
FROM `users`
LEFT JOIN `roles` ON `roles`.`id` = `users`.`role_id`
WHERE `is_active` = 1
AND `is_active` = 0
AND `role_id` = \'1\'
AND `is_active` = 1
AND `role_id` = \'2\'
AND `is_active` = 1
AND `role_id` = \'3\'
AND `is_active` = 1
AND `role_id` = \'4\'
AND `is_active` = 1
AND `role_id` = \'5\'
AND `is_active` = 1
AND `role_id` = \'6\'
AND `is_active` = 1
AND `role_id` = \'7\'
AND `is_active` = 1
AND `role_id` = \'8\'
AND `is_active` = 1')
 3 SYSTEMPATH\Database\BaseConnection.php(646): CodeIgniter\Database\BaseConnection->simpleQuery('SELECT `users`.*, `roles`.`name` as `role_name`
FROM `users`
LEFT JOIN `roles` ON `roles`.`id` = `users`.`role_id`
WHERE `is_active` = 1
AND `is_active` = 0
AND `role_id` = \'1\'
AND `is_active` = 1
AND `role_id` = \'2\'
AND `is_active` = 1
AND `role_id` = \'3\'
AND `is_active` = 1
AND `role_id` = \'4\'
AND `is_active` = 1
AND `role_id` = \'5\'
AND `is_active` = 1
AND `role_id` = \'6\'
AND `is_active` = 1
AND `role_id` = \'7\'
AND `is_active` = 1
AND `role_id` = \'8\'
AND `is_active` = 1')
 4 SYSTEMPATH\Database\BaseBuilder.php(1649): CodeIgniter\Database\BaseConnection->query('SELECT `users`.*, `roles`.`name` as `role_name`
FROM `users`
LEFT JOIN `roles` ON `roles`.`id` = `users`.`role_id`
WHERE `is_active` = :is_active.10:
AND `is_active` = :is_active.11:
AND `role_id` = :role_id.8:
AND `is_active` = :is_active.12:
AND `role_id` = :role_id.9:
AND `is_active` = :is_active.13:
AND `role_id` = :role_id.10:
AND `is_active` = :is_active.14:
AND `role_id` = :role_id.11:
AND `is_active` = :is_active.15:
AND `role_id` = :role_id.12:
AND `is_active` = :is_active.16:
AND `role_id` = :role_id.13:
AND `is_active` = :is_active.17:
AND `role_id` = :role_id.14:
AND `is_active` = :is_active.18:
AND `role_id` = :role_id.15:
AND `is_active` = :is_active.19:', [...], false)
 5 SYSTEMPATH\Model.php(286): CodeIgniter\Database\BaseBuilder->get()
 6 SYSTEMPATH\BaseModel.php(677): CodeIgniter\Model->doFindAll(0, 0)
 7 APPPATH\Models\UserModel.php(163): CodeIgniter\BaseModel->findAll()
 8 APPPATH\Controllers\Dashboard.php(362): App\Models\UserModel->getAllUsersWithRoles()
 9 APPPATH\Controllers\Dashboard.php(157): App\Controllers\Dashboard->getITAdminStats()
10 SYSTEMPATH\CodeIgniter.php(933): App\Controllers\Dashboard->itAdministrator()
11 SYSTEMPATH\CodeIgniter.php(507): CodeIgniter\CodeIgniter->runController(Object(App\Controllers\Dashboard))
12 SYSTEMPATH\CodeIgniter.php(354): CodeIgniter\CodeIgniter->handleRequest(null, Object(Config\Cache), false)
13 SYSTEMPATH\Boot.php(363): CodeIgniter\CodeIgniter->run()
14 SYSTEMPATH\Boot.php(68): CodeIgniter\Boot::runCodeIgniter(Object(CodeIgniter\CodeIgniter))
15 FCPATH\index.php(59): CodeIgniter\Boot::bootWeb(Object(Config\Paths))
ERROR - 2025-10-31 15:41:44 --> mysqli_sql_exception: Column 'is_active' in where clause is ambiguous in C:\xampp\htdocs\WITMS\system\Database\MySQLi\Connection.php:327
Stack trace:
#0 C:\xampp\htdocs\WITMS\system\Database\MySQLi\Connection.php(327): mysqli->query('SELECT `users`....', 0)
#1 C:\xampp\htdocs\WITMS\system\Database\BaseConnection.php(729): CodeIgniter\Database\MySQLi\Connection->execute('SELECT `users`....')
#2 C:\xampp\htdocs\WITMS\system\Database\BaseConnection.php(646): CodeIgniter\Database\BaseConnection->simpleQuery('SELECT `users`....')
#3 C:\xampp\htdocs\WITMS\system\Database\BaseBuilder.php(1649): CodeIgniter\Database\BaseConnection->query('SELECT `users`....', Array, false)
#4 C:\xampp\htdocs\WITMS\system\Model.php(286): CodeIgniter\Database\BaseBuilder->get()
#5 C:\xampp\htdocs\WITMS\system\BaseModel.php(677): CodeIgniter\Model->doFindAll(0, 0)
#6 C:\xampp\htdocs\WITMS\app\Models\UserModel.php(163): CodeIgniter\BaseModel->findAll()
#7 C:\xampp\htdocs\WITMS\app\Controllers\Dashboard.php(362): App\Models\UserModel->getAllUsersWithRoles()
#8 C:\xampp\htdocs\WITMS\app\Controllers\Dashboard.php(157): App\Controllers\Dashboard->getITAdminStats()
#9 C:\xampp\htdocs\WITMS\system\CodeIgniter.php(933): App\Controllers\Dashboard->itAdministrator()
#10 C:\xampp\htdocs\WITMS\system\CodeIgniter.php(507): CodeIgniter\CodeIgniter->runController(Object(App\Controllers\Dashboard))
#11 C:\xampp\htdocs\WITMS\system\CodeIgniter.php(354): CodeIgniter\CodeIgniter->handleRequest(NULL, Object(Config\Cache), false)
#12 C:\xampp\htdocs\WITMS\system\Boot.php(363): CodeIgniter\CodeIgniter->run()
#13 C:\xampp\htdocs\WITMS\system\Boot.php(68): CodeIgniter\Boot::runCodeIgniter(Object(CodeIgniter\CodeIgniter))
#14 C:\xampp\htdocs\WITMS\index.php(59): CodeIgniter\Boot::bootWeb(Object(Config\Paths))
#15 {main}
CRITICAL - 2025-10-31 15:41:44 --> CodeIgniter\Database\Exceptions\DatabaseException: Column 'is_active' in where clause is ambiguous
[Method: GET, Route: dashboard/it-administrator]
in SYSTEMPATH\Database\BaseConnection.php on line 684.
 1 SYSTEMPATH\Database\BaseBuilder.php(1649): CodeIgniter\Database\BaseConnection->query('SELECT `users`.*, `roles`.`name` as `role_name`
FROM `users`
LEFT JOIN `roles` ON `roles`.`id` = `users`.`role_id`
WHERE `is_active` = :is_active.10:
AND `is_active` = :is_active.11:
AND `role_id` = :role_id.8:
AND `is_active` = :is_active.12:
AND `role_id` = :role_id.9:
AND `is_active` = :is_active.13:
AND `role_id` = :role_id.10:
AND `is_active` = :is_active.14:
AND `role_id` = :role_id.11:
AND `is_active` = :is_active.15:
AND `role_id` = :role_id.12:
AND `is_active` = :is_active.16:
AND `role_id` = :role_id.13:
AND `is_active` = :is_active.17:
AND `role_id` = :role_id.14:
AND `is_active` = :is_active.18:
AND `role_id` = :role_id.15:
AND `is_active` = :is_active.19:', [...], false)
 2 SYSTEMPATH\Model.php(286): CodeIgniter\Database\BaseBuilder->get()
 3 SYSTEMPATH\BaseModel.php(677): CodeIgniter\Model->doFindAll(0, 0)
 4 APPPATH\Models\UserModel.php(163): CodeIgniter\BaseModel->findAll()
 5 APPPATH\Controllers\Dashboard.php(362): App\Models\UserModel->getAllUsersWithRoles()
 6 APPPATH\Controllers\Dashboard.php(157): App\Controllers\Dashboard->getITAdminStats()
 7 SYSTEMPATH\CodeIgniter.php(933): App\Controllers\Dashboard->itAdministrator()
 8 SYSTEMPATH\CodeIgniter.php(507): CodeIgniter\CodeIgniter->runController(Object(App\Controllers\Dashboard))
 9 SYSTEMPATH\CodeIgniter.php(354): CodeIgniter\CodeIgniter->handleRequest(null, Object(Config\Cache), false)
10 SYSTEMPATH\Boot.php(363): CodeIgniter\CodeIgniter->run()
11 SYSTEMPATH\Boot.php(68): CodeIgniter\Boot::runCodeIgniter(Object(CodeIgniter\CodeIgniter))
12 FCPATH\index.php(59): CodeIgniter\Boot::bootWeb(Object(Config\Paths))
CRITICAL - 2025-10-31 15:41:44 --> [Caused by] CodeIgniter\Database\Exceptions\DatabaseException: Column 'is_active' in where clause is ambiguous
in SYSTEMPATH\Database\MySQLi\Connection.php on line 332.
 1 SYSTEMPATH\Database\BaseConnection.php(729): CodeIgniter\Database\MySQLi\Connection->execute('SELECT `users`.*, `roles`.`name` as `role_name`
FROM `users`
LEFT JOIN `roles` ON `roles`.`id` = `users`.`role_id`
WHERE `is_active` = 1
AND `is_active` = 0
AND `role_id` = \'1\'
AND `is_active` = 1
AND `role_id` = \'2\'
AND `is_active` = 1
AND `role_id` = \'3\'
AND `is_active` = 1
AND `role_id` = \'4\'
AND `is_active` = 1
AND `role_id` = \'5\'
AND `is_active` = 1
AND `role_id` = \'6\'
AND `is_active` = 1
AND `role_id` = \'7\'
AND `is_active` = 1
AND `role_id` = \'8\'
AND `is_active` = 1')
 2 SYSTEMPATH\Database\BaseConnection.php(646): CodeIgniter\Database\BaseConnection->simpleQuery('SELECT `users`.*, `roles`.`name` as `role_name`
FROM `users`
LEFT JOIN `roles` ON `roles`.`id` = `users`.`role_id`
WHERE `is_active` = 1
AND `is_active` = 0
AND `role_id` = \'1\'
AND `is_active` = 1
AND `role_id` = \'2\'
AND `is_active` = 1
AND `role_id` = \'3\'
AND `is_active` = 1
AND `role_id` = \'4\'
AND `is_active` = 1
AND `role_id` = \'5\'
AND `is_active` = 1
AND `role_id` = \'6\'
AND `is_active` = 1
AND `role_id` = \'7\'
AND `is_active` = 1
AND `role_id` = \'8\'
AND `is_active` = 1')
 3 SYSTEMPATH\Database\BaseBuilder.php(1649): CodeIgniter\Database\BaseConnection->query('SELECT `users`.*, `roles`.`name` as `role_name`
FROM `users`
LEFT JOIN `roles` ON `roles`.`id` = `users`.`role_id`
WHERE `is_active` = :is_active.10:
AND `is_active` = :is_active.11:
AND `role_id` = :role_id.8:
AND `is_active` = :is_active.12:
AND `role_id` = :role_id.9:
AND `is_active` = :is_active.13:
AND `role_id` = :role_id.10:
AND `is_active` = :is_active.14:
AND `role_id` = :role_id.11:
AND `is_active` = :is_active.15:
AND `role_id` = :role_id.12:
AND `is_active` = :is_active.16:
AND `role_id` = :role_id.13:
AND `is_active` = :is_active.17:
AND `role_id` = :role_id.14:
AND `is_active` = :is_active.18:
AND `role_id` = :role_id.15:
AND `is_active` = :is_active.19:', [...], false)
 4 SYSTEMPATH\Model.php(286): CodeIgniter\Database\BaseBuilder->get()
 5 SYSTEMPATH\BaseModel.php(677): CodeIgniter\Model->doFindAll(0, 0)
 6 APPPATH\Models\UserModel.php(163): CodeIgniter\BaseModel->findAll()
 7 APPPATH\Controllers\Dashboard.php(362): App\Models\UserModel->getAllUsersWithRoles()
 8 APPPATH\Controllers\Dashboard.php(157): App\Controllers\Dashboard->getITAdminStats()
 9 SYSTEMPATH\CodeIgniter.php(933): App\Controllers\Dashboard->itAdministrator()
10 SYSTEMPATH\CodeIgniter.php(507): CodeIgniter\CodeIgniter->runController(Object(App\Controllers\Dashboard))
11 SYSTEMPATH\CodeIgniter.php(354): CodeIgniter\CodeIgniter->handleRequest(null, Object(Config\Cache), false)
12 SYSTEMPATH\Boot.php(363): CodeIgniter\CodeIgniter->run()
13 SYSTEMPATH\Boot.php(68): CodeIgniter\Boot::runCodeIgniter(Object(CodeIgniter\CodeIgniter))
14 FCPATH\index.php(59): CodeIgniter\Boot::bootWeb(Object(Config\Paths))
CRITICAL - 2025-10-31 15:41:44 --> [Caused by] mysqli_sql_exception: Column 'is_active' in where clause is ambiguous
in SYSTEMPATH\Database\MySQLi\Connection.php on line 327.
 1 SYSTEMPATH\Database\MySQLi\Connection.php(327): mysqli->query('SELECT `users`.*, `roles`.`name` as `role_name`
FROM `users`
LEFT JOIN `roles` ON `roles`.`id` = `users`.`role_id`
WHERE `is_active` = 1
AND `is_active` = 0
AND `role_id` = \'1\'
AND `is_active` = 1
AND `role_id` = \'2\'
AND `is_active` = 1
AND `role_id` = \'3\'
AND `is_active` = 1
AND `role_id` = \'4\'
AND `is_active` = 1
AND `role_id` = \'5\'
AND `is_active` = 1
AND `role_id` = \'6\'
AND `is_active` = 1
AND `role_id` = \'7\'
AND `is_active` = 1
AND `role_id` = \'8\'
AND `is_active` = 1', 0)
 2 SYSTEMPATH\Database\BaseConnection.php(729): CodeIgniter\Database\MySQLi\Connection->execute('SELECT `users`.*, `roles`.`name` as `role_name`
FROM `users`
LEFT JOIN `roles` ON `roles`.`id` = `users`.`role_id`
WHERE `is_active` = 1
AND `is_active` = 0
AND `role_id` = \'1\'
AND `is_active` = 1
AND `role_id` = \'2\'
AND `is_active` = 1
AND `role_id` = \'3\'
AND `is_active` = 1
AND `role_id` = \'4\'
AND `is_active` = 1
AND `role_id` = \'5\'
AND `is_active` = 1
AND `role_id` = \'6\'
AND `is_active` = 1
AND `role_id` = \'7\'
AND `is_active` = 1
AND `role_id` = \'8\'
AND `is_active` = 1')
 3 SYSTEMPATH\Database\BaseConnection.php(646): CodeIgniter\Database\BaseConnection->simpleQuery('SELECT `users`.*, `roles`.`name` as `role_name`
FROM `users`
LEFT JOIN `roles` ON `roles`.`id` = `users`.`role_id`
WHERE `is_active` = 1
AND `is_active` = 0
AND `role_id` = \'1\'
AND `is_active` = 1
AND `role_id` = \'2\'
AND `is_active` = 1
AND `role_id` = \'3\'
AND `is_active` = 1
AND `role_id` = \'4\'
AND `is_active` = 1
AND `role_id` = \'5\'
AND `is_active` = 1
AND `role_id` = \'6\'
AND `is_active` = 1
AND `role_id` = \'7\'
AND `is_active` = 1
AND `role_id` = \'8\'
AND `is_active` = 1')
 4 SYSTEMPATH\Database\BaseBuilder.php(1649): CodeIgniter\Database\BaseConnection->query('SELECT `users`.*, `roles`.`name` as `role_name`
FROM `users`
LEFT JOIN `roles` ON `roles`.`id` = `users`.`role_id`
WHERE `is_active` = :is_active.10:
AND `is_active` = :is_active.11:
AND `role_id` = :role_id.8:
AND `is_active` = :is_active.12:
AND `role_id` = :role_id.9:
AND `is_active` = :is_active.13:
AND `role_id` = :role_id.10:
AND `is_active` = :is_active.14:
AND `role_id` = :role_id.11:
AND `is_active` = :is_active.15:
AND `role_id` = :role_id.12:
AND `is_active` = :is_active.16:
AND `role_id` = :role_id.13:
AND `is_active` = :is_active.17:
AND `role_id` = :role_id.14:
AND `is_active` = :is_active.18:
AND `role_id` = :role_id.15:
AND `is_active` = :is_active.19:', [...], false)
 5 SYSTEMPATH\Model.php(286): CodeIgniter\Database\BaseBuilder->get()
 6 SYSTEMPATH\BaseModel.php(677): CodeIgniter\Model->doFindAll(0, 0)
 7 APPPATH\Models\UserModel.php(163): CodeIgniter\BaseModel->findAll()
 8 APPPATH\Controllers\Dashboard.php(362): App\Models\UserModel->getAllUsersWithRoles()
 9 APPPATH\Controllers\Dashboard.php(157): App\Controllers\Dashboard->getITAdminStats()
10 SYSTEMPATH\CodeIgniter.php(933): App\Controllers\Dashboard->itAdministrator()
11 SYSTEMPATH\CodeIgniter.php(507): CodeIgniter\CodeIgniter->runController(Object(App\Controllers\Dashboard))
12 SYSTEMPATH\CodeIgniter.php(354): CodeIgniter\CodeIgniter->handleRequest(null, Object(Config\Cache), false)
13 SYSTEMPATH\Boot.php(363): CodeIgniter\CodeIgniter->run()
14 SYSTEMPATH\Boot.php(68): CodeIgniter\Boot::runCodeIgniter(Object(CodeIgniter\CodeIgniter))
15 FCPATH\index.php(59): CodeIgniter\Boot::bootWeb(Object(Config\Paths))
ERROR - 2025-10-31 15:41:48 --> mysqli_sql_exception: Column 'is_active' in where clause is ambiguous in C:\xampp\htdocs\WITMS\system\Database\MySQLi\Connection.php:327
Stack trace:
#0 C:\xampp\htdocs\WITMS\system\Database\MySQLi\Connection.php(327): mysqli->query('SELECT `users`....', 0)
#1 C:\xampp\htdocs\WITMS\system\Database\BaseConnection.php(729): CodeIgniter\Database\MySQLi\Connection->execute('SELECT `users`....')
#2 C:\xampp\htdocs\WITMS\system\Database\BaseConnection.php(646): CodeIgniter\Database\BaseConnection->simpleQuery('SELECT `users`....')
#3 C:\xampp\htdocs\WITMS\system\Database\BaseBuilder.php(1649): CodeIgniter\Database\BaseConnection->query('SELECT `users`....', Array, false)
#4 C:\xampp\htdocs\WITMS\system\Model.php(286): CodeIgniter\Database\BaseBuilder->get()
#5 C:\xampp\htdocs\WITMS\system\BaseModel.php(677): CodeIgniter\Model->doFindAll(0, 0)
#6 C:\xampp\htdocs\WITMS\app\Models\UserModel.php(163): CodeIgniter\BaseModel->findAll()
#7 C:\xampp\htdocs\WITMS\app\Controllers\Dashboard.php(362): App\Models\UserModel->getAllUsersWithRoles()
#8 C:\xampp\htdocs\WITMS\app\Controllers\Dashboard.php(157): App\Controllers\Dashboard->getITAdminStats()
#9 C:\xampp\htdocs\WITMS\system\CodeIgniter.php(933): App\Controllers\Dashboard->itAdministrator()
#10 C:\xampp\htdocs\WITMS\system\CodeIgniter.php(507): CodeIgniter\CodeIgniter->runController(Object(App\Controllers\Dashboard))
#11 C:\xampp\htdocs\WITMS\system\CodeIgniter.php(354): CodeIgniter\CodeIgniter->handleRequest(NULL, Object(Config\Cache), false)
#12 C:\xampp\htdocs\WITMS\system\Boot.php(363): CodeIgniter\CodeIgniter->run()
#13 C:\xampp\htdocs\WITMS\system\Boot.php(68): CodeIgniter\Boot::runCodeIgniter(Object(CodeIgniter\CodeIgniter))
#14 C:\xampp\htdocs\WITMS\index.php(59): CodeIgniter\Boot::bootWeb(Object(Config\Paths))
#15 {main}
CRITICAL - 2025-10-31 15:41:48 --> CodeIgniter\Database\Exceptions\DatabaseException: Column 'is_active' in where clause is ambiguous
[Method: GET, Route: dashboard/it-administrator]
in SYSTEMPATH\Database\BaseConnection.php on line 684.
 1 SYSTEMPATH\Database\BaseBuilder.php(1649): CodeIgniter\Database\BaseConnection->query('SELECT `users`.*, `roles`.`name` as `role_name`
FROM `users`
LEFT JOIN `roles` ON `roles`.`id` = `users`.`role_id`
WHERE `is_active` = :is_active.10:
AND `is_active` = :is_active.11:
AND `role_id` = :role_id.8:
AND `is_active` = :is_active.12:
AND `role_id` = :role_id.9:
AND `is_active` = :is_active.13:
AND `role_id` = :role_id.10:
AND `is_active` = :is_active.14:
AND `role_id` = :role_id.11:
AND `is_active` = :is_active.15:
AND `role_id` = :role_id.12:
AND `is_active` = :is_active.16:
AND `role_id` = :role_id.13:
AND `is_active` = :is_active.17:
AND `role_id` = :role_id.14:
AND `is_active` = :is_active.18:
AND `role_id` = :role_id.15:
AND `is_active` = :is_active.19:', [...], false)
 2 SYSTEMPATH\Model.php(286): CodeIgniter\Database\BaseBuilder->get()
 3 SYSTEMPATH\BaseModel.php(677): CodeIgniter\Model->doFindAll(0, 0)
 4 APPPATH\Models\UserModel.php(163): CodeIgniter\BaseModel->findAll()
 5 APPPATH\Controllers\Dashboard.php(362): App\Models\UserModel->getAllUsersWithRoles()
 6 APPPATH\Controllers\Dashboard.php(157): App\Controllers\Dashboard->getITAdminStats()
 7 SYSTEMPATH\CodeIgniter.php(933): App\Controllers\Dashboard->itAdministrator()
 8 SYSTEMPATH\CodeIgniter.php(507): CodeIgniter\CodeIgniter->runController(Object(App\Controllers\Dashboard))
 9 SYSTEMPATH\CodeIgniter.php(354): CodeIgniter\CodeIgniter->handleRequest(null, Object(Config\Cache), false)
10 SYSTEMPATH\Boot.php(363): CodeIgniter\CodeIgniter->run()
11 SYSTEMPATH\Boot.php(68): CodeIgniter\Boot::runCodeIgniter(Object(CodeIgniter\CodeIgniter))
12 FCPATH\index.php(59): CodeIgniter\Boot::bootWeb(Object(Config\Paths))
CRITICAL - 2025-10-31 15:41:48 --> [Caused by] CodeIgniter\Database\Exceptions\DatabaseException: Column 'is_active' in where clause is ambiguous
in SYSTEMPATH\Database\MySQLi\Connection.php on line 332.
 1 SYSTEMPATH\Database\BaseConnection.php(729): CodeIgniter\Database\MySQLi\Connection->execute('SELECT `users`.*, `roles`.`name` as `role_name`
FROM `users`
LEFT JOIN `roles` ON `roles`.`id` = `users`.`role_id`
WHERE `is_active` = 1
AND `is_active` = 0
AND `role_id` = \'1\'
AND `is_active` = 1
AND `role_id` = \'2\'
AND `is_active` = 1
AND `role_id` = \'3\'
AND `is_active` = 1
AND `role_id` = \'4\'
AND `is_active` = 1
AND `role_id` = \'5\'
AND `is_active` = 1
AND `role_id` = \'6\'
AND `is_active` = 1
AND `role_id` = \'7\'
AND `is_active` = 1
AND `role_id` = \'8\'
AND `is_active` = 1')
 2 SYSTEMPATH\Database\BaseConnection.php(646): CodeIgniter\Database\BaseConnection->simpleQuery('SELECT `users`.*, `roles`.`name` as `role_name`
FROM `users`
LEFT JOIN `roles` ON `roles`.`id` = `users`.`role_id`
WHERE `is_active` = 1
AND `is_active` = 0
AND `role_id` = \'1\'
AND `is_active` = 1
AND `role_id` = \'2\'
AND `is_active` = 1
AND `role_id` = \'3\'
AND `is_active` = 1
AND `role_id` = \'4\'
AND `is_active` = 1
AND `role_id` = \'5\'
AND `is_active` = 1
AND `role_id` = \'6\'
AND `is_active` = 1
AND `role_id` = \'7\'
AND `is_active` = 1
AND `role_id` = \'8\'
AND `is_active` = 1')
 3 SYSTEMPATH\Database\BaseBuilder.php(1649): CodeIgniter\Database\BaseConnection->query('SELECT `users`.*, `roles`.`name` as `role_name`
FROM `users`
LEFT JOIN `roles` ON `roles`.`id` = `users`.`role_id`
WHERE `is_active` = :is_active.10:
AND `is_active` = :is_active.11:
AND `role_id` = :role_id.8:
AND `is_active` = :is_active.12:
AND `role_id` = :role_id.9:
AND `is_active` = :is_active.13:
AND `role_id` = :role_id.10:
AND `is_active` = :is_active.14:
AND `role_id` = :role_id.11:
AND `is_active` = :is_active.15:
AND `role_id` = :role_id.12:
AND `is_active` = :is_active.16:
AND `role_id` = :role_id.13:
AND `is_active` = :is_active.17:
AND `role_id` = :role_id.14:
AND `is_active` = :is_active.18:
AND `role_id` = :role_id.15:
AND `is_active` = :is_active.19:', [...], false)
 4 SYSTEMPATH\Model.php(286): CodeIgniter\Database\BaseBuilder->get()
 5 SYSTEMPATH\BaseModel.php(677): CodeIgniter\Model->doFindAll(0, 0)
 6 APPPATH\Models\UserModel.php(163): CodeIgniter\BaseModel->findAll()
 7 APPPATH\Controllers\Dashboard.php(362): App\Models\UserModel->getAllUsersWithRoles()
 8 APPPATH\Controllers\Dashboard.php(157): App\Controllers\Dashboard->getITAdminStats()
 9 SYSTEMPATH\CodeIgniter.php(933): App\Controllers\Dashboard->itAdministrator()
10 SYSTEMPATH\CodeIgniter.php(507): CodeIgniter\CodeIgniter->runController(Object(App\Controllers\Dashboard))
11 SYSTEMPATH\CodeIgniter.php(354): CodeIgniter\CodeIgniter->handleRequest(null, Object(Config\Cache), false)
12 SYSTEMPATH\Boot.php(363): CodeIgniter\CodeIgniter->run()
13 SYSTEMPATH\Boot.php(68): CodeIgniter\Boot::runCodeIgniter(Object(CodeIgniter\CodeIgniter))
14 FCPATH\index.php(59): CodeIgniter\Boot::bootWeb(Object(Config\Paths))
CRITICAL - 2025-10-31 15:41:48 --> [Caused by] mysqli_sql_exception: Column 'is_active' in where clause is ambiguous
in SYSTEMPATH\Database\MySQLi\Connection.php on line 327.
 1 SYSTEMPATH\Database\MySQLi\Connection.php(327): mysqli->query('SELECT `users`.*, `roles`.`name` as `role_name`
FROM `users`
LEFT JOIN `roles` ON `roles`.`id` = `users`.`role_id`
WHERE `is_active` = 1
AND `is_active` = 0
AND `role_id` = \'1\'
AND `is_active` = 1
AND `role_id` = \'2\'
AND `is_active` = 1
AND `role_id` = \'3\'
AND `is_active` = 1
AND `role_id` = \'4\'
AND `is_active` = 1
AND `role_id` = \'5\'
AND `is_active` = 1
AND `role_id` = \'6\'
AND `is_active` = 1
AND `role_id` = \'7\'
AND `is_active` = 1
AND `role_id` = \'8\'
AND `is_active` = 1', 0)
 2 SYSTEMPATH\Database\BaseConnection.php(729): CodeIgniter\Database\MySQLi\Connection->execute('SELECT `users`.*, `roles`.`name` as `role_name`
FROM `users`
LEFT JOIN `roles` ON `roles`.`id` = `users`.`role_id`
WHERE `is_active` = 1
AND `is_active` = 0
AND `role_id` = \'1\'
AND `is_active` = 1
AND `role_id` = \'2\'
AND `is_active` = 1
AND `role_id` = \'3\'
AND `is_active` = 1
AND `role_id` = \'4\'
AND `is_active` = 1
AND `role_id` = \'5\'
AND `is_active` = 1
AND `role_id` = \'6\'
AND `is_active` = 1
AND `role_id` = \'7\'
AND `is_active` = 1
AND `role_id` = \'8\'
AND `is_active` = 1')
 3 SYSTEMPATH\Database\BaseConnection.php(646): CodeIgniter\Database\BaseConnection->simpleQuery('SELECT `users`.*, `roles`.`name` as `role_name`
FROM `users`
LEFT JOIN `roles` ON `roles`.`id` = `users`.`role_id`
WHERE `is_active` = 1
AND `is_active` = 0
AND `role_id` = \'1\'
AND `is_active` = 1
AND `role_id` = \'2\'
AND `is_active` = 1
AND `role_id` = \'3\'
AND `is_active` = 1
AND `role_id` = \'4\'
AND `is_active` = 1
AND `role_id` = \'5\'
AND `is_active` = 1
AND `role_id` = \'6\'
AND `is_active` = 1
AND `role_id` = \'7\'
AND `is_active` = 1
AND `role_id` = \'8\'
AND `is_active` = 1')
 4 SYSTEMPATH\Database\BaseBuilder.php(1649): CodeIgniter\Database\BaseConnection->query('SELECT `users`.*, `roles`.`name` as `role_name`
FROM `users`
LEFT JOIN `roles` ON `roles`.`id` = `users`.`role_id`
WHERE `is_active` = :is_active.10:
AND `is_active` = :is_active.11:
AND `role_id` = :role_id.8:
AND `is_active` = :is_active.12:
AND `role_id` = :role_id.9:
AND `is_active` = :is_active.13:
AND `role_id` = :role_id.10:
AND `is_active` = :is_active.14:
AND `role_id` = :role_id.11:
AND `is_active` = :is_active.15:
AND `role_id` = :role_id.12:
AND `is_active` = :is_active.16:
AND `role_id` = :role_id.13:
AND `is_active` = :is_active.17:
AND `role_id` = :role_id.14:
AND `is_active` = :is_active.18:
AND `role_id` = :role_id.15:
AND `is_active` = :is_active.19:', [...], false)
 5 SYSTEMPATH\Model.php(286): CodeIgniter\Database\BaseBuilder->get()
 6 SYSTEMPATH\BaseModel.php(677): CodeIgniter\Model->doFindAll(0, 0)
 7 APPPATH\Models\UserModel.php(163): CodeIgniter\BaseModel->findAll()
 8 APPPATH\Controllers\Dashboard.php(362): App\Models\UserModel->getAllUsersWithRoles()
 9 APPPATH\Controllers\Dashboard.php(157): App\Controllers\Dashboard->getITAdminStats()
10 SYSTEMPATH\CodeIgniter.php(933): App\Controllers\Dashboard->itAdministrator()
11 SYSTEMPATH\CodeIgniter.php(507): CodeIgniter\CodeIgniter->runController(Object(App\Controllers\Dashboard))
12 SYSTEMPATH\CodeIgniter.php(354): CodeIgniter\CodeIgniter->handleRequest(null, Object(Config\Cache), false)
13 SYSTEMPATH\Boot.php(363): CodeIgniter\CodeIgniter->run()
14 SYSTEMPATH\Boot.php(68): CodeIgniter\Boot::runCodeIgniter(Object(CodeIgniter\CodeIgniter))
15 FCPATH\index.php(59): CodeIgniter\Boot::bootWeb(Object(Config\Paths))
