ERROR - 2025-11-09 16:17:45 --> mysqli_sql_exception: Table 'roles' already exists in C:\xampp\htdocs\WITMS\system\Database\MySQLi\Connection.php:327
Stack trace:
#0 C:\xampp\htdocs\WITMS\system\Database\MySQLi\Connection.php(327): mysqli->query('CREATE TABLE `r...', 0)
#1 C:\xampp\htdocs\WITMS\system\Database\BaseConnection.php(729): CodeIgniter\Database\MySQLi\Connection->execute('CREATE TABLE `r...')
#2 C:\xampp\htdocs\WITMS\system\Database\BaseConnection.php(646): CodeIgniter\Database\BaseConnection->simpleQuery('CREATE TABLE `r...')
#3 C:\xampp\htdocs\WITMS\system\Database\Forge.php(570): CodeIgniter\Database\BaseConnection->query('CREATE TABLE `r...')
#4 C:\xampp\htdocs\WITMS\app\Database\Migrations\2025-11-09-140000_CreateRolesTable.php(46): CodeIgniter\Database\Forge->createTable('roles')
#5 C:\xampp\htdocs\WITMS\system\Database\MigrationRunner.php(876): App\Database\Migrations\CreateRolesTable->up()
#6 C:\xampp\htdocs\WITMS\system\Database\MigrationRunner.php(182): CodeIgniter\Database\MigrationRunner->migrate('up', Object(stdClass))
#7 C:\xampp\htdocs\WITMS\system\Commands\Database\Migrate.php(85): CodeIgniter\Database\MigrationRunner->latest(NULL)
#8 C:\xampp\htdocs\WITMS\system\CLI\Commands.php(74): CodeIgniter\Commands\Database\Migrate->run(Array)
#9 C:\xampp\htdocs\WITMS\system\CLI\BaseCommand.php(119): CodeIgniter\CLI\Commands->run('migrate', Array)
#10 C:\xampp\htdocs\WITMS\system\Commands\Database\MigrateRefresh.php(87): CodeIgniter\CLI\BaseCommand->call('migrate', Array)
#11 C:\xampp\htdocs\WITMS\system\CLI\Commands.php(74): CodeIgniter\Commands\Database\MigrateRefresh->run(Array)
#12 C:\xampp\htdocs\WITMS\system\CLI\Console.php(47): CodeIgniter\CLI\Commands->run('migrate:refresh', Array)
#13 C:\xampp\htdocs\WITMS\system\Boot.php(388): CodeIgniter\CLI\Console->run()
#14 C:\xampp\htdocs\WITMS\system\Boot.php(133): CodeIgniter\Boot::runCommand(Object(CodeIgniter\CLI\Console))
#15 C:\xampp\htdocs\WITMS\spark(87): CodeIgniter\Boot::bootSpark(Object(Config\Paths))
#16 {main}
ERROR - 2025-11-09 16:19:57 --> mysqli_sql_exception: Failed to open the referenced table 'warehouses' in C:\xampp\htdocs\WITMS\system\Database\MySQLi\Connection.php:327
Stack trace:
#0 C:\xampp\htdocs\WITMS\system\Database\MySQLi\Connection.php(327): mysqli->query('CREATE TABLE `d...', 0)
#1 C:\xampp\htdocs\WITMS\system\Database\BaseConnection.php(729): CodeIgniter\Database\MySQLi\Connection->execute('CREATE TABLE `d...')
#2 C:\xampp\htdocs\WITMS\system\Database\BaseConnection.php(646): CodeIgniter\Database\BaseConnection->simpleQuery('CREATE TABLE `d...')
#3 C:\xampp\htdocs\WITMS\system\Database\Forge.php(570): CodeIgniter\Database\BaseConnection->query('CREATE TABLE `d...')
#4 C:\xampp\htdocs\WITMS\app\Database\Migrations\2025-11-09-140446_CreateDepartmentsTable.php(64): CodeIgniter\Database\Forge->createTable('departments')
#5 C:\xampp\htdocs\WITMS\system\Database\MigrationRunner.php(876): App\Database\Migrations\CreateDepartmentsTable->up()
#6 C:\xampp\htdocs\WITMS\system\Database\MigrationRunner.php(182): CodeIgniter\Database\MigrationRunner->migrate('up', Object(stdClass))
#7 C:\xampp\htdocs\WITMS\system\Commands\Database\Migrate.php(85): CodeIgniter\Database\MigrationRunner->latest(NULL)
#8 C:\xampp\htdocs\WITMS\system\CLI\Commands.php(74): CodeIgniter\Commands\Database\Migrate->run(Array)
#9 C:\xampp\htdocs\WITMS\system\CLI\Console.php(47): CodeIgniter\CLI\Commands->run('migrate', Array)
#10 C:\xampp\htdocs\WITMS\system\Boot.php(388): CodeIgniter\CLI\Console->run()
#11 C:\xampp\htdocs\WITMS\system\Boot.php(133): CodeIgniter\Boot::runCommand(Object(CodeIgniter\CLI\Console))
#12 C:\xampp\htdocs\WITMS\spark(87): CodeIgniter\Boot::bootSpark(Object(Config\Paths))
#13 {main}
ERROR - 2025-11-09 16:23:01 --> mysqli_sql_exception: Failed to open the referenced table 'departments' in C:\xampp\htdocs\WITMS\system\Database\MySQLi\Connection.php:327
Stack trace:
#0 C:\xampp\htdocs\WITMS\system\Database\MySQLi\Connection.php(327): mysqli->query('CREATE TABLE `u...', 0)
#1 C:\xampp\htdocs\WITMS\system\Database\BaseConnection.php(729): CodeIgniter\Database\MySQLi\Connection->execute('CREATE TABLE `u...')
#2 C:\xampp\htdocs\WITMS\system\Database\BaseConnection.php(646): CodeIgniter\Database\BaseConnection->simpleQuery('CREATE TABLE `u...')
#3 C:\xampp\htdocs\WITMS\system\Database\Forge.php(570): CodeIgniter\Database\BaseConnection->query('CREATE TABLE `u...')
#4 C:\xampp\htdocs\WITMS\app\Database\Migrations\2025-11-09-150001_CreateUsersTable.php(110): CodeIgniter\Database\Forge->createTable('users')
#5 C:\xampp\htdocs\WITMS\system\Database\MigrationRunner.php(876): App\Database\Migrations\CreateUsersTable->up()
#6 C:\xampp\htdocs\WITMS\system\Database\MigrationRunner.php(182): CodeIgniter\Database\MigrationRunner->migrate('up', Object(stdClass))
#7 C:\xampp\htdocs\WITMS\system\Commands\Database\Migrate.php(85): CodeIgniter\Database\MigrationRunner->latest(NULL)
#8 C:\xampp\htdocs\WITMS\system\CLI\Commands.php(74): CodeIgniter\Commands\Database\Migrate->run(Array)
#9 C:\xampp\htdocs\WITMS\system\CLI\Console.php(47): CodeIgniter\CLI\Commands->run('migrate', Array)
#10 C:\xampp\htdocs\WITMS\system\Boot.php(388): CodeIgniter\CLI\Console->run()
#11 C:\xampp\htdocs\WITMS\system\Boot.php(133): CodeIgniter\Boot::runCommand(Object(CodeIgniter\CLI\Console))
#12 C:\xampp\htdocs\WITMS\spark(87): CodeIgniter\Boot::bootSpark(Object(Config\Paths))
#13 {main}
ERROR - 2025-11-09 16:27:28 --> mysqli_sql_exception: Failed to open the referenced table 'users' in C:\xampp\htdocs\WITMS\system\Database\MySQLi\Connection.php:327
Stack trace:
#0 C:\xampp\htdocs\WITMS\system\Database\MySQLi\Connection.php(327): mysqli->query('CREATE TABLE `w...', 0)
#1 C:\xampp\htdocs\WITMS\system\Database\BaseConnection.php(729): CodeIgniter\Database\MySQLi\Connection->execute('CREATE TABLE `w...')
#2 C:\xampp\htdocs\WITMS\system\Database\BaseConnection.php(646): CodeIgniter\Database\BaseConnection->simpleQuery('CREATE TABLE `w...')
#3 C:\xampp\htdocs\WITMS\system\Database\Forge.php(570): CodeIgniter\Database\BaseConnection->query('CREATE TABLE `w...')
#4 C:\xampp\htdocs\WITMS\app\Database\Migrations\2025-11-09-149980_CreateWarehousesTable.php(68): CodeIgniter\Database\Forge->createTable('warehouses')
#5 C:\xampp\htdocs\WITMS\system\Database\MigrationRunner.php(876): App\Database\Migrations\CreateWarehousesTable->up()
#6 C:\xampp\htdocs\WITMS\system\Database\MigrationRunner.php(182): CodeIgniter\Database\MigrationRunner->migrate('up', Object(stdClass))
#7 C:\xampp\htdocs\WITMS\system\Commands\Database\Migrate.php(85): CodeIgniter\Database\MigrationRunner->latest(NULL)
#8 C:\xampp\htdocs\WITMS\system\CLI\Commands.php(74): CodeIgniter\Commands\Database\Migrate->run(Array)
#9 C:\xampp\htdocs\WITMS\system\CLI\Console.php(47): CodeIgniter\CLI\Commands->run('migrate', Array)
#10 C:\xampp\htdocs\WITMS\system\Boot.php(388): CodeIgniter\CLI\Console->run()
#11 C:\xampp\htdocs\WITMS\system\Boot.php(133): CodeIgniter\Boot::runCommand(Object(CodeIgniter\CLI\Console))
#12 C:\xampp\htdocs\WITMS\spark(87): CodeIgniter\Boot::bootSpark(Object(Config\Paths))
#13 {main}
ERROR - 2025-11-09 16:31:31 --> mysqli_sql_exception: Failed to open the referenced table 'users' in C:\xampp\htdocs\WITMS\system\Database\MySQLi\Connection.php:327
Stack trace:
#0 C:\xampp\htdocs\WITMS\system\Database\MySQLi\Connection.php(327): mysqli->query('CREATE TABLE `w...', 0)
#1 C:\xampp\htdocs\WITMS\system\Database\BaseConnection.php(729): CodeIgniter\Database\MySQLi\Connection->execute('CREATE TABLE `w...')
#2 C:\xampp\htdocs\WITMS\system\Database\BaseConnection.php(646): CodeIgniter\Database\BaseConnection->simpleQuery('CREATE TABLE `w...')
#3 C:\xampp\htdocs\WITMS\system\Database\Forge.php(570): CodeIgniter\Database\BaseConnection->query('CREATE TABLE `w...')
#4 C:\xampp\htdocs\WITMS\app\Database\Migrations\2025-11-09-149980_CreateWarehousesTable.php(67): CodeIgniter\Database\Forge->createTable('warehouses')
#5 C:\xampp\htdocs\WITMS\system\Database\MigrationRunner.php(876): App\Database\Migrations\CreateWarehousesTable->up()
#6 C:\xampp\htdocs\WITMS\system\Database\MigrationRunner.php(182): CodeIgniter\Database\MigrationRunner->migrate('up', Object(stdClass))
#7 C:\xampp\htdocs\WITMS\system\Commands\Database\Migrate.php(85): CodeIgniter\Database\MigrationRunner->latest(NULL)
#8 C:\xampp\htdocs\WITMS\system\CLI\Commands.php(74): CodeIgniter\Commands\Database\Migrate->run(Array)
#9 C:\xampp\htdocs\WITMS\system\CLI\Console.php(47): CodeIgniter\CLI\Commands->run('migrate', Array)
#10 C:\xampp\htdocs\WITMS\system\Boot.php(388): CodeIgniter\CLI\Console->run()
#11 C:\xampp\htdocs\WITMS\system\Boot.php(133): CodeIgniter\Boot::runCommand(Object(CodeIgniter\CLI\Console))
#12 C:\xampp\htdocs\WITMS\spark(87): CodeIgniter\Boot::bootSpark(Object(Config\Paths))
#13 {main}
ERROR - 2025-11-09 16:32:22 --> mysqli_sql_exception: Cannot add or update a child row: a foreign key constraint fails (`witms_db`.`users`, CONSTRAINT `users_department_id_foreign` FOREIGN KEY (`department_id`) REFERENCES `departments` (`id`) ON DELETE CASCADE ON UPDATE SET NULL) in C:\xampp\htdocs\WITMS\system\Database\MySQLi\Connection.php:327
Stack trace:
#0 C:\xampp\htdocs\WITMS\system\Database\MySQLi\Connection.php(327): mysqli->query('INSERT INTO `us...', 0)
#1 C:\xampp\htdocs\WITMS\system\Database\BaseConnection.php(729): CodeIgniter\Database\MySQLi\Connection->execute('INSERT INTO `us...')
#2 C:\xampp\htdocs\WITMS\system\Database\BaseConnection.php(646): CodeIgniter\Database\BaseConnection->simpleQuery('INSERT INTO `us...')
#3 C:\xampp\htdocs\WITMS\system\Database\BaseBuilder.php(2345): CodeIgniter\Database\BaseConnection->query('INSERT INTO `us...', Array, false)
#4 C:\xampp\htdocs\WITMS\system\Model.php(394): CodeIgniter\Database\BaseBuilder->insert()
#5 C:\xampp\htdocs\WITMS\system\BaseModel.php(838): CodeIgniter\Model->doInsert(Array)
#6 C:\xampp\htdocs\WITMS\system\Model.php(797): CodeIgniter\BaseModel->insert(Array, true)
#7 C:\xampp\htdocs\WITMS\app\Models\UserModel.php(293): CodeIgniter\Model->insert(Array)
#8 C:\xampp\htdocs\WITMS\app\Database\Seeds\UserSeeder.php(198): App\Models\UserModel->createUser(Array)
#9 C:\xampp\htdocs\WITMS\system\Database\Seeder.php(149): App\Database\Seeds\UserSeeder->run()
#10 C:\xampp\htdocs\WITMS\app\Database\Seeds\MainSeeder.php(19): CodeIgniter\Database\Seeder->call('App\\Database\\Se...')
#11 C:\xampp\htdocs\WITMS\system\Database\Seeder.php(149): App\Database\Seeds\MainSeeder->run()
#12 C:\xampp\htdocs\WITMS\system\Commands\Database\Seed.php(79): CodeIgniter\Database\Seeder->call('App\\Database\\Se...')
#13 C:\xampp\htdocs\WITMS\system\CLI\Commands.php(74): CodeIgniter\Commands\Database\Seed->run(Array)
#14 C:\xampp\htdocs\WITMS\system\CLI\Console.php(47): CodeIgniter\CLI\Commands->run('db:seed', Array)
#15 C:\xampp\htdocs\WITMS\system\Boot.php(388): CodeIgniter\CLI\Console->run()
#16 C:\xampp\htdocs\WITMS\system\Boot.php(133): CodeIgniter\Boot::runCommand(Object(CodeIgniter\CLI\Console))
#17 C:\xampp\htdocs\WITMS\spark(87): CodeIgniter\Boot::bootSpark(Object(Config\Paths))
#18 {main}
ERROR - 2025-11-09 16:32:22 --> mysqli_sql_exception: Cannot add or update a child row: a foreign key constraint fails (`witms_db`.`users`, CONSTRAINT `users_department_id_foreign` FOREIGN KEY (`department_id`) REFERENCES `departments` (`id`) ON DELETE CASCADE ON UPDATE SET NULL) in C:\xampp\htdocs\WITMS\system\Database\MySQLi\Connection.php:327
Stack trace:
#0 C:\xampp\htdocs\WITMS\system\Database\MySQLi\Connection.php(327): mysqli->query('INSERT INTO `us...', 0)
#1 C:\xampp\htdocs\WITMS\system\Database\BaseConnection.php(729): CodeIgniter\Database\MySQLi\Connection->execute('INSERT INTO `us...')
#2 C:\xampp\htdocs\WITMS\system\Database\BaseConnection.php(646): CodeIgniter\Database\BaseConnection->simpleQuery('INSERT INTO `us...')
#3 C:\xampp\htdocs\WITMS\system\Database\BaseBuilder.php(2345): CodeIgniter\Database\BaseConnection->query('INSERT INTO `us...', Array, false)
#4 C:\xampp\htdocs\WITMS\system\Model.php(394): CodeIgniter\Database\BaseBuilder->insert()
#5 C:\xampp\htdocs\WITMS\system\BaseModel.php(838): CodeIgniter\Model->doInsert(Array)
#6 C:\xampp\htdocs\WITMS\system\Model.php(797): CodeIgniter\BaseModel->insert(Array, true)
#7 C:\xampp\htdocs\WITMS\app\Models\UserModel.php(293): CodeIgniter\Model->insert(Array)
#8 C:\xampp\htdocs\WITMS\app\Database\Seeds\UserSeeder.php(198): App\Models\UserModel->createUser(Array)
#9 C:\xampp\htdocs\WITMS\system\Database\Seeder.php(149): App\Database\Seeds\UserSeeder->run()
#10 C:\xampp\htdocs\WITMS\app\Database\Seeds\MainSeeder.php(19): CodeIgniter\Database\Seeder->call('App\\Database\\Se...')
#11 C:\xampp\htdocs\WITMS\system\Database\Seeder.php(149): App\Database\Seeds\MainSeeder->run()
#12 C:\xampp\htdocs\WITMS\system\Commands\Database\Seed.php(79): CodeIgniter\Database\Seeder->call('App\\Database\\Se...')
#13 C:\xampp\htdocs\WITMS\system\CLI\Commands.php(74): CodeIgniter\Commands\Database\Seed->run(Array)
#14 C:\xampp\htdocs\WITMS\system\CLI\Console.php(47): CodeIgniter\CLI\Commands->run('db:seed', Array)
#15 C:\xampp\htdocs\WITMS\system\Boot.php(388): CodeIgniter\CLI\Console->run()
#16 C:\xampp\htdocs\WITMS\system\Boot.php(133): CodeIgniter\Boot::runCommand(Object(CodeIgniter\CLI\Console))
#17 C:\xampp\htdocs\WITMS\spark(87): CodeIgniter\Boot::bootSpark(Object(Config\Paths))
#18 {main}
ERROR - 2025-11-09 16:32:22 --> mysqli_sql_exception: Cannot add or update a child row: a foreign key constraint fails (`witms_db`.`users`, CONSTRAINT `users_department_id_foreign` FOREIGN KEY (`department_id`) REFERENCES `departments` (`id`) ON DELETE CASCADE ON UPDATE SET NULL) in C:\xampp\htdocs\WITMS\system\Database\MySQLi\Connection.php:327
Stack trace:
#0 C:\xampp\htdocs\WITMS\system\Database\MySQLi\Connection.php(327): mysqli->query('INSERT INTO `us...', 0)
#1 C:\xampp\htdocs\WITMS\system\Database\BaseConnection.php(729): CodeIgniter\Database\MySQLi\Connection->execute('INSERT INTO `us...')
#2 C:\xampp\htdocs\WITMS\system\Database\BaseConnection.php(646): CodeIgniter\Database\BaseConnection->simpleQuery('INSERT INTO `us...')
#3 C:\xampp\htdocs\WITMS\system\Database\BaseBuilder.php(2345): CodeIgniter\Database\BaseConnection->query('INSERT INTO `us...', Array, false)
#4 C:\xampp\htdocs\WITMS\system\Model.php(394): CodeIgniter\Database\BaseBuilder->insert()
#5 C:\xampp\htdocs\WITMS\system\BaseModel.php(838): CodeIgniter\Model->doInsert(Array)
#6 C:\xampp\htdocs\WITMS\system\Model.php(797): CodeIgniter\BaseModel->insert(Array, true)
#7 C:\xampp\htdocs\WITMS\app\Models\UserModel.php(293): CodeIgniter\Model->insert(Array)
#8 C:\xampp\htdocs\WITMS\app\Database\Seeds\UserSeeder.php(198): App\Models\UserModel->createUser(Array)
#9 C:\xampp\htdocs\WITMS\system\Database\Seeder.php(149): App\Database\Seeds\UserSeeder->run()
#10 C:\xampp\htdocs\WITMS\app\Database\Seeds\MainSeeder.php(19): CodeIgniter\Database\Seeder->call('App\\Database\\Se...')
#11 C:\xampp\htdocs\WITMS\system\Database\Seeder.php(149): App\Database\Seeds\MainSeeder->run()
#12 C:\xampp\htdocs\WITMS\system\Commands\Database\Seed.php(79): CodeIgniter\Database\Seeder->call('App\\Database\\Se...')
#13 C:\xampp\htdocs\WITMS\system\CLI\Commands.php(74): CodeIgniter\Commands\Database\Seed->run(Array)
#14 C:\xampp\htdocs\WITMS\system\CLI\Console.php(47): CodeIgniter\CLI\Commands->run('db:seed', Array)
#15 C:\xampp\htdocs\WITMS\system\Boot.php(388): CodeIgniter\CLI\Console->run()
#16 C:\xampp\htdocs\WITMS\system\Boot.php(133): CodeIgniter\Boot::runCommand(Object(CodeIgniter\CLI\Console))
#17 C:\xampp\htdocs\WITMS\spark(87): CodeIgniter\Boot::bootSpark(Object(Config\Paths))
#18 {main}
ERROR - 2025-11-09 16:36:54 --> mysqli_sql_exception: Duplicate foreign key constraint name 'warehouses_manager_fk' in C:\xampp\htdocs\WITMS\system\Database\MySQLi\Connection.php:327
Stack trace:
#0 C:\xampp\htdocs\WITMS\system\Database\MySQLi\Connection.php(327): mysqli->query('ALTER TABLE war...', 0)
#1 C:\xampp\htdocs\WITMS\system\Database\BaseConnection.php(729): CodeIgniter\Database\MySQLi\Connection->execute('ALTER TABLE war...')
#2 C:\xampp\htdocs\WITMS\system\Database\BaseConnection.php(646): CodeIgniter\Database\BaseConnection->simpleQuery('ALTER TABLE war...')
#3 C:\xampp\htdocs\WITMS\app\Database\Migrations\2025-11-09-150040_AddForeignKeyToWarehouseTable.php(12): CodeIgniter\Database\BaseConnection->query('ALTER TABLE war...')
#4 C:\xampp\htdocs\WITMS\system\Database\MigrationRunner.php(876): App\Database\Migrations\AddForeignKeyToWarehouseTable->up()
#5 C:\xampp\htdocs\WITMS\system\Database\MigrationRunner.php(182): CodeIgniter\Database\MigrationRunner->migrate('up', Object(stdClass))
#6 C:\xampp\htdocs\WITMS\system\Commands\Database\Migrate.php(85): CodeIgniter\Database\MigrationRunner->latest(NULL)
#7 C:\xampp\htdocs\WITMS\system\CLI\Commands.php(74): CodeIgniter\Commands\Database\Migrate->run(Array)
#8 C:\xampp\htdocs\WITMS\system\CLI\Console.php(47): CodeIgniter\CLI\Commands->run('migrate', Array)
#9 C:\xampp\htdocs\WITMS\system\Boot.php(388): CodeIgniter\CLI\Console->run()
#10 C:\xampp\htdocs\WITMS\system\Boot.php(133): CodeIgniter\Boot::runCommand(Object(CodeIgniter\CLI\Console))
#11 C:\xampp\htdocs\WITMS\spark(87): CodeIgniter\Boot::bootSpark(Object(Config\Paths))
#12 {main}
ERROR - 2025-11-09 16:37:09 --> mysqli_sql_exception: Duplicate foreign key constraint name 'warehouses_manager_fk' in C:\xampp\htdocs\WITMS\system\Database\MySQLi\Connection.php:327
Stack trace:
#0 C:\xampp\htdocs\WITMS\system\Database\MySQLi\Connection.php(327): mysqli->query('ALTER TABLE war...', 0)
#1 C:\xampp\htdocs\WITMS\system\Database\BaseConnection.php(729): CodeIgniter\Database\MySQLi\Connection->execute('ALTER TABLE war...')
#2 C:\xampp\htdocs\WITMS\system\Database\BaseConnection.php(646): CodeIgniter\Database\BaseConnection->simpleQuery('ALTER TABLE war...')
#3 C:\xampp\htdocs\WITMS\app\Database\Migrations\2025-11-09-150040_AddForeignKeyToWarehouseTable.php(12): CodeIgniter\Database\BaseConnection->query('ALTER TABLE war...')
#4 C:\xampp\htdocs\WITMS\system\Database\MigrationRunner.php(876): App\Database\Migrations\AddForeignKeyToWarehouseTable->up()
#5 C:\xampp\htdocs\WITMS\system\Database\MigrationRunner.php(182): CodeIgniter\Database\MigrationRunner->migrate('up', Object(stdClass))
#6 C:\xampp\htdocs\WITMS\system\Commands\Database\Migrate.php(85): CodeIgniter\Database\MigrationRunner->latest(NULL)
#7 C:\xampp\htdocs\WITMS\system\CLI\Commands.php(74): CodeIgniter\Commands\Database\Migrate->run(Array)
#8 C:\xampp\htdocs\WITMS\system\CLI\BaseCommand.php(119): CodeIgniter\CLI\Commands->run('migrate', Array)
#9 C:\xampp\htdocs\WITMS\system\Commands\Database\MigrateRefresh.php(87): CodeIgniter\CLI\BaseCommand->call('migrate', Array)
#10 C:\xampp\htdocs\WITMS\system\CLI\Commands.php(74): CodeIgniter\Commands\Database\MigrateRefresh->run(Array)
#11 C:\xampp\htdocs\WITMS\system\CLI\Console.php(47): CodeIgniter\CLI\Commands->run('migrate:refresh', Array)
#12 C:\xampp\htdocs\WITMS\system\Boot.php(388): CodeIgniter\CLI\Console->run()
#13 C:\xampp\htdocs\WITMS\system\Boot.php(133): CodeIgniter\Boot::runCommand(Object(CodeIgniter\CLI\Console))
#14 C:\xampp\htdocs\WITMS\spark(87): CodeIgniter\Boot::bootSpark(Object(Config\Paths))
#15 {main}
ERROR - 2025-11-09 16:39:19 --> mysqli_sql_exception: Duplicate key name 'manager_id' in C:\xampp\htdocs\WITMS\system\Database\MySQLi\Connection.php:327
Stack trace:
#0 C:\xampp\htdocs\WITMS\system\Database\MySQLi\Connection.php(327): mysqli->query('ALTER TABLE `wa...', 0)
#1 C:\xampp\htdocs\WITMS\system\Database\BaseConnection.php(729): CodeIgniter\Database\MySQLi\Connection->execute('ALTER TABLE `wa...')
#2 C:\xampp\htdocs\WITMS\system\Database\BaseConnection.php(646): CodeIgniter\Database\BaseConnection->simpleQuery('ALTER TABLE `wa...')
#3 C:\xampp\htdocs\WITMS\system\Database\Forge.php(1149): CodeIgniter\Database\BaseConnection->query('ALTER TABLE `wa...')
#4 C:\xampp\htdocs\WITMS\app\Database\Migrations\2025-11-09-150040_AddForeignKeyToWarehouseTable.php(23): CodeIgniter\Database\Forge->processIndexes('warehouses')
#5 C:\xampp\htdocs\WITMS\system\Database\MigrationRunner.php(876): App\Database\Migrations\AddForeignKeyToWarehouseTable->up()
#6 C:\xampp\htdocs\WITMS\system\Database\MigrationRunner.php(182): CodeIgniter\Database\MigrationRunner->migrate('up', Object(stdClass))
#7 C:\xampp\htdocs\WITMS\system\Commands\Database\Migrate.php(85): CodeIgniter\Database\MigrationRunner->latest(NULL)
#8 C:\xampp\htdocs\WITMS\system\CLI\Commands.php(74): CodeIgniter\Commands\Database\Migrate->run(Array)
#9 C:\xampp\htdocs\WITMS\system\CLI\BaseCommand.php(119): CodeIgniter\CLI\Commands->run('migrate', Array)
#10 C:\xampp\htdocs\WITMS\system\Commands\Database\MigrateRefresh.php(87): CodeIgniter\CLI\BaseCommand->call('migrate', Array)
#11 C:\xampp\htdocs\WITMS\system\CLI\Commands.php(74): CodeIgniter\Commands\Database\MigrateRefresh->run(Array)
#12 C:\xampp\htdocs\WITMS\system\CLI\Console.php(47): CodeIgniter\CLI\Commands->run('migrate:refresh', Array)
#13 C:\xampp\htdocs\WITMS\system\Boot.php(388): CodeIgniter\CLI\Console->run()
#14 C:\xampp\htdocs\WITMS\system\Boot.php(133): CodeIgniter\Boot::runCommand(Object(CodeIgniter\CLI\Console))
#15 C:\xampp\htdocs\WITMS\spark(87): CodeIgniter\Boot::bootSpark(Object(Config\Paths))
#16 {main}
ERROR - 2025-11-09 16:40:57 --> mysqli_sql_exception: Duplicate key name 'manager_id' in C:\xampp\htdocs\WITMS\system\Database\MySQLi\Connection.php:327
Stack trace:
#0 C:\xampp\htdocs\WITMS\system\Database\MySQLi\Connection.php(327): mysqli->query('ALTER TABLE `wa...', 0)
#1 C:\xampp\htdocs\WITMS\system\Database\BaseConnection.php(729): CodeIgniter\Database\MySQLi\Connection->execute('ALTER TABLE `wa...')
#2 C:\xampp\htdocs\WITMS\system\Database\BaseConnection.php(646): CodeIgniter\Database\BaseConnection->simpleQuery('ALTER TABLE `wa...')
#3 C:\xampp\htdocs\WITMS\system\Database\Forge.php(1149): CodeIgniter\Database\BaseConnection->query('ALTER TABLE `wa...')
#4 C:\xampp\htdocs\WITMS\app\Database\Migrations\2025-11-09-150040_AddForeignKeyToWarehouseTable.php(23): CodeIgniter\Database\Forge->processIndexes('warehouses')
#5 C:\xampp\htdocs\WITMS\system\Database\MigrationRunner.php(876): App\Database\Migrations\AddForeignKeyToWarehouseTable->up()
#6 C:\xampp\htdocs\WITMS\system\Database\MigrationRunner.php(182): CodeIgniter\Database\MigrationRunner->migrate('up', Object(stdClass))
#7 C:\xampp\htdocs\WITMS\system\Commands\Database\Migrate.php(85): CodeIgniter\Database\MigrationRunner->latest(NULL)
#8 C:\xampp\htdocs\WITMS\system\CLI\Commands.php(74): CodeIgniter\Commands\Database\Migrate->run(Array)
#9 C:\xampp\htdocs\WITMS\system\CLI\BaseCommand.php(119): CodeIgniter\CLI\Commands->run('migrate', Array)
#10 C:\xampp\htdocs\WITMS\system\Commands\Database\MigrateRefresh.php(87): CodeIgniter\CLI\BaseCommand->call('migrate', Array)
#11 C:\xampp\htdocs\WITMS\system\CLI\Commands.php(74): CodeIgniter\Commands\Database\MigrateRefresh->run(Array)
#12 C:\xampp\htdocs\WITMS\system\CLI\Console.php(47): CodeIgniter\CLI\Commands->run('migrate:refresh', Array)
#13 C:\xampp\htdocs\WITMS\system\Boot.php(388): CodeIgniter\CLI\Console->run()
#14 C:\xampp\htdocs\WITMS\system\Boot.php(133): CodeIgniter\Boot::runCommand(Object(CodeIgniter\CLI\Console))
#15 C:\xampp\htdocs\WITMS\spark(87): CodeIgniter\Boot::bootSpark(Object(Config\Paths))
#16 {main}
ERROR - 2025-11-09 16:43:40 --> mysqli_sql_exception: Key column 'manager_id' doesn't exist in table in C:\xampp\htdocs\WITMS\system\Database\MySQLi\Connection.php:327
Stack trace:
#0 C:\xampp\htdocs\WITMS\system\Database\MySQLi\Connection.php(327): mysqli->query('ALTER TABLE `wa...', 0)
#1 C:\xampp\htdocs\WITMS\system\Database\BaseConnection.php(729): CodeIgniter\Database\MySQLi\Connection->execute('ALTER TABLE `wa...')
#2 C:\xampp\htdocs\WITMS\system\Database\BaseConnection.php(646): CodeIgniter\Database\BaseConnection->simpleQuery('ALTER TABLE `wa...')
#3 C:\xampp\htdocs\WITMS\system\Database\Forge.php(772): CodeIgniter\Database\BaseConnection->query('ALTER TABLE `wa...')
#4 C:\xampp\htdocs\WITMS\app\Database\Migrations\2025-11-09-150040_AddForeignKeyToWarehouseTable.php(13): CodeIgniter\Database\Forge->addColumn('warehouses', Array)
#5 C:\xampp\htdocs\WITMS\system\Database\MigrationRunner.php(876): App\Database\Migrations\AddForeignKeyToWarehouseTable->up()
#6 C:\xampp\htdocs\WITMS\system\Database\MigrationRunner.php(182): CodeIgniter\Database\MigrationRunner->migrate('up', Object(stdClass))
#7 C:\xampp\htdocs\WITMS\system\Commands\Database\Migrate.php(85): CodeIgniter\Database\MigrationRunner->latest(NULL)
#8 C:\xampp\htdocs\WITMS\system\CLI\Commands.php(74): CodeIgniter\Commands\Database\Migrate->run(Array)
#9 C:\xampp\htdocs\WITMS\system\CLI\Console.php(47): CodeIgniter\CLI\Commands->run('migrate', Array)
#10 C:\xampp\htdocs\WITMS\system\Boot.php(388): CodeIgniter\CLI\Console->run()
#11 C:\xampp\htdocs\WITMS\system\Boot.php(133): CodeIgniter\Boot::runCommand(Object(CodeIgniter\CLI\Console))
#12 C:\xampp\htdocs\WITMS\spark(87): CodeIgniter\Boot::bootSpark(Object(Config\Paths))
#13 {main}
ERROR - 2025-11-09 16:45:34 --> mysqli_sql_exception: Key column 'manager_id' doesn't exist in table in C:\xampp\htdocs\WITMS\system\Database\MySQLi\Connection.php:327
Stack trace:
#0 C:\xampp\htdocs\WITMS\system\Database\MySQLi\Connection.php(327): mysqli->query('\r\n            A...', 0)
#1 C:\xampp\htdocs\WITMS\system\Database\BaseConnection.php(729): CodeIgniter\Database\MySQLi\Connection->execute('\r\n            A...')
#2 C:\xampp\htdocs\WITMS\system\Database\BaseConnection.php(646): CodeIgniter\Database\BaseConnection->simpleQuery('\r\n            A...')
#3 C:\xampp\htdocs\WITMS\app\Database\Migrations\2025-11-09-150040_AddForeignKeyToWarehouseTable.php(12): CodeIgniter\Database\BaseConnection->query('\r\n            A...')
#4 C:\xampp\htdocs\WITMS\system\Database\MigrationRunner.php(876): App\Database\Migrations\AddForeignKeyToWarehouseTable->up()
#5 C:\xampp\htdocs\WITMS\system\Database\MigrationRunner.php(182): CodeIgniter\Database\MigrationRunner->migrate('up', Object(stdClass))
#6 C:\xampp\htdocs\WITMS\system\Commands\Database\Migrate.php(85): CodeIgniter\Database\MigrationRunner->latest(NULL)
#7 C:\xampp\htdocs\WITMS\system\CLI\Commands.php(74): CodeIgniter\Commands\Database\Migrate->run(Array)
#8 C:\xampp\htdocs\WITMS\system\CLI\Console.php(47): CodeIgniter\CLI\Commands->run('migrate', Array)
#9 C:\xampp\htdocs\WITMS\system\Boot.php(388): CodeIgniter\CLI\Console->run()
#10 C:\xampp\htdocs\WITMS\system\Boot.php(133): CodeIgniter\Boot::runCommand(Object(CodeIgniter\CLI\Console))
#11 C:\xampp\htdocs\WITMS\spark(87): CodeIgniter\Boot::bootSpark(Object(Config\Paths))
#12 {main}
